[/etc/pulse/client.conf:38] Missing '='.
[11155:1:0202/004534.005027:ERROR:child_thread_impl.cc(864)] Receiver for unknown Channel-associated interface: chrome.mojom.SearchBouncer
[11168:1:0202/004534.006982:ERROR:child_thread_impl.cc(864)] Receiver for unknown Channel-associated interface: chrome.mojom.SearchBouncer
[11205:1:0202/004534.008438:ERROR:child_thread_impl.cc(864)] Receiver for unknown Channel-associated interface: chrome.mojom.SearchBouncer
[11208:1:0202/004534.009858:ERROR:child_thread_impl.cc(864)] Receiver for unknown Channel-associated interface: chrome.mojom.SearchBouncer
[11255:1:0202/004534.012374:ERROR:child_thread_impl.cc(864)] Receiver for unknown Channel-associated interface: chrome.mojom.SearchBouncer
[11256:1:0202/004534.013360:ERROR:child_thread_impl.cc(864)] Receiver for unknown Channel-associated interface: chrome.mojom.SearchBouncer
[11260:1:0202/004534.014842:ERROR:child_thread_impl.cc(864)] Receiver for unknown Channel-associated interface: chrome.mojom.SearchBouncer
[11268:1:0202/004534.016392:ERROR:child_thread_impl.cc(864)] Receiver for unknown Channel-associated interface: chrome.mojom.SearchBouncer
[11274:1:0202/004534.018300:ERROR:child_thread_impl.cc(864)] Receiver for unknown Channel-associated interface: chrome.mojom.SearchBouncer
[11280:1:0202/004534.020036:ERROR:child_thread_impl.cc(864)] Receiver for unknown Channel-associated interface: chrome.mojom.SearchBouncer
[11293:1:0202/004534.020958:ERROR:child_thread_impl.cc(864)] Receiver for unknown Channel-associated interface: chrome.mojom.SearchBouncer
[11321:1:0202/004534.022992:ERROR:child_thread_impl.cc(864)] Receiver for unknown Channel-associated interface: chrome.mojom.SearchBouncer
[11372:1:0202/004534.025845:ERROR:child_thread_impl.cc(864)] Receiver for unknown Channel-associated interface: chrome.mojom.SearchBouncer
[11374:1:0202/004534.026847:ERROR:child_thread_impl.cc(864)] Receiver for unknown Channel-associated interface: chrome.mojom.SearchBouncer
[11393:1:0202/004534.040100:ERROR:child_thread_impl.cc(864)] Receiver for unknown Channel-associated interface: chrome.mojom.SearchBouncer
[11441:1:0202/004534.060105:ERROR:child_thread_impl.cc(864)] Receiver for unknown Channel-associated interface: chrome.mojom.SearchBouncer
[11208:1:0202/004534.272498:ERROR:child_process_sandbox_support_impl_linux.cc(81)] FontService unique font name matching request did not receive a response.
[11205:1:0202/004534.890302:ERROR:child_process_sandbox_support_impl_linux.cc(81)] FontService unique font name matching request did not receive a response.
[11736:1:0202/004536.461901:ERROR:child_thread_impl.cc(864)] Receiver for unknown Channel-associated interface: chrome.mojom.SearchBouncer
[11849:1:0202/004537.456341:ERROR:child_thread_impl.cc(864)] Receiver for unknown Channel-associated interface: chrome.mojom.SearchBouncer
[11870:1:0202/004537.922124:ERROR:child_thread_impl.cc(864)] Receiver for unknown Channel-associated interface: chrome.mojom.SearchBouncer
[11876:1:0202/004537.926851:ERROR:child_thread_impl.cc(864)] Receiver for unknown Channel-associated interface: chrome.mojom.SearchBouncer
[11897:1:0202/004538.326536:ERROR:child_thread_impl.cc(864)] Receiver for unknown Channel-associated interface: chrome.mojom.SearchBouncer
[11919:1:0202/004539.482922:ERROR:child_thread_impl.cc(864)] Receiver for unknown Channel-associated interface: chrome.mojom.SearchBouncer
[11941:1:0202/004539.811194:ERROR:child_thread_impl.cc(864)] Receiver for unknown Channel-associated interface: chrome.mojom.SearchBouncer
[11955:1:0202/004540.201857:ERROR:child_thread_impl.cc(864)] Receiver for unknown Channel-associated interface: chrome.mojom.SearchBouncer
[11968:1:0202/004540.210767:ERROR:child_thread_impl.cc(864)] Receiver for unknown Channel-associated interface: chrome.mojom.SearchBouncer
[11961:1:0202/004540.212530:ERROR:child_thread_impl.cc(864)] Receiver for unknown Channel-associated interface: chrome.mojom.SearchBouncer
[11979:1:0202/004540.215871:ERROR:child_thread_impl.cc(864)] Receiver for unknown Channel-associated interface: chrome.mojom.SearchBouncer
[11996:1:0202/004540.226446:ERROR:child_thread_impl.cc(864)] Receiver for unknown Channel-associated interface: chrome.mojom.SearchBouncer
[12009:1:0202/004540.227820:ERROR:child_thread_impl.cc(864)] Receiver for unknown Channel-associated interface: chrome.mojom.SearchBouncer
[12016:1:0202/004540.233413:ERROR:child_thread_impl.cc(864)] Receiver for unknown Channel-associated interface: chrome.mojom.SearchBouncer
[12033:1:0202/004540.242609:ERROR:child_thread_impl.cc(864)] Receiver for unknown Channel-associated interface: chrome.mojom.SearchBouncer
[12040:1:0202/004540.247550:ERROR:child_thread_impl.cc(864)] Receiver for unknown Channel-associated interface: chrome.mojom.SearchBouncer
[11256:1:0202/004540.523541:ERROR:child_process_sandbox_support_impl_linux.cc(81)] FontService unique font name matching request did not receive a response.
[11256:1:0202/004540.524060:ERROR:child_process_sandbox_support_impl_linux.cc(81)] FontService unique font name matching request did not receive a response.
[11256:22:0202/004542.667919:ERROR:data_channel.cc(54)] Accepting maxRetransmits = -1 for backwards compatibility
[11256:22:0202/004542.668316:ERROR:data_channel.cc(59)] Accepting maxRetransmitTime = -1 for backwards compatibility
[10918:10933:0202/004619.581928:ERROR:socket_stream.cc(218)] Closing stream with result -2
[10918:10933:0202/004704.882762:ERROR:socket_stream.cc(218)] Closing stream with result -2
[/etc/pulse/client.conf:38] Missing '='.
[22039:1:0208/162033.565712:ERROR:child_thread_impl.cc(864)] Receiver for unknown Channel-associated interface: chrome.mojom.SearchBouncer
[22034:1:0208/162033.566008:ERROR:child_thread_impl.cc(864)] Receiver for unknown Channel-associated interface: chrome.mojom.SearchBouncer
[22083:1:0208/162033.568807:ERROR:child_thread_impl.cc(864)] Receiver for unknown Channel-associated interface: chrome.mojom.SearchBouncer
[22084:1:0208/162033.569640:ERROR:child_thread_impl.cc(864)] Receiver for unknown Channel-associated interface: chrome.mojom.SearchBouncer
[22141:1:0208/162033.572091:ERROR:child_thread_impl.cc(864)] Receiver for unknown Channel-associated interface: chrome.mojom.SearchBouncer
[22143:1:0208/162033.574724:ERROR:child_thread_impl.cc(864)] Receiver for unknown Channel-associated interface: chrome.mojom.SearchBouncer
[22149:1:0208/162033.576441:ERROR:child_thread_impl.cc(864)] Receiver for unknown Channel-associated interface: chrome.mojom.SearchBouncer
[22157:1:0208/162033.578228:ERROR:child_thread_impl.cc(864)] Receiver for unknown Channel-associated interface: chrome.mojom.SearchBouncer
[22162:1:0208/162033.579818:ERROR:child_thread_impl.cc(864)] Receiver for unknown Channel-associated interface: chrome.mojom.SearchBouncer
[22172:1:0208/162033.580144:ERROR:child_thread_impl.cc(864)] Receiver for unknown Channel-associated interface: chrome.mojom.SearchBouncer
[22192:1:0208/162033.581705:ERROR:child_thread_impl.cc(864)] Receiver for unknown Channel-associated interface: chrome.mojom.SearchBouncer
[22212:1:0208/162033.585331:ERROR:child_thread_impl.cc(864)] Receiver for unknown Channel-associated interface: chrome.mojom.SearchBouncer
[22223:1:0208/162033.585547:ERROR:child_thread_impl.cc(864)] Receiver for unknown Channel-associated interface: chrome.mojom.SearchBouncer
[22228:1:0208/162033.588632:ERROR:child_thread_impl.cc(864)] Receiver for unknown Channel-associated interface: chrome.mojom.SearchBouncer
[22249:1:0208/162033.589757:ERROR:child_thread_impl.cc(864)] Receiver for unknown Channel-associated interface: chrome.mojom.SearchBouncer
[22274:1:0208/162033.592412:ERROR:child_thread_impl.cc(864)] Receiver for unknown Channel-associated interface: chrome.mojom.SearchBouncer
[22286:1:0208/162033.594386:ERROR:child_thread_impl.cc(864)] Receiver for unknown Channel-associated interface: chrome.mojom.SearchBouncer
[22333:1:0208/162033.597020:ERROR:child_thread_impl.cc(864)] Receiver for unknown Channel-associated interface: chrome.mojom.SearchBouncer
[22334:1:0208/162033.598936:ERROR:child_thread_impl.cc(864)] Receiver for unknown Channel-associated interface: chrome.mojom.SearchBouncer
[22362:1:0208/162033.603566:ERROR:child_thread_impl.cc(864)] Receiver for unknown Channel-associated interface: chrome.mojom.SearchBouncer
[22416:1:0208/162033.637096:ERROR:child_thread_impl.cc(864)] Receiver for unknown Channel-associated interface: chrome.mojom.SearchBouncer
[22588:1:0208/162034.488142:ERROR:child_thread_impl.cc(864)] Receiver for unknown Channel-associated interface: chrome.mojom.SearchBouncer
[21935:21940:0208/162034.788368:ERROR:cert_verify_proc_nss.cc(1011)] CERT_PKIXVerifyCert for gmzdaily.com failed err=-8181
[21935:21938:0208/162034.788545:ERROR:ssl_client_socket_impl.cc(969)] handshake failed; returned -1, SSL error code 1, net_error -201
[22083:1:0208/162035.076001:ERROR:child_process_sandbox_support_impl_linux.cc(81)] FontService unique font name matching request did not receive a response.
[22603:1:0208/162035.096555:ERROR:child_thread_impl.cc(864)] Receiver for unknown Channel-associated interface: chrome.mojom.SearchBouncer
[22084:1:0208/162036.280117:ERROR:child_process_sandbox_support_impl_linux.cc(81)] FontService unique font name matching request did not receive a response.
[22653:1:0208/162036.484797:ERROR:child_thread_impl.cc(864)] Receiver for unknown Channel-associated interface: chrome.mojom.SearchBouncer
[22157:1:0208/162036.524085:ERROR:child_process_sandbox_support_impl_linux.cc(81)] FontService unique font name matching request did not receive a response.
[22162:1:0208/162037.521593:ERROR:child_process_sandbox_support_impl_linux.cc(81)] FontService unique font name matching request did not receive a response.
[22855:1:0208/162037.537666:ERROR:child_thread_impl.cc(864)] Receiver for unknown Channel-associated interface: chrome.mojom.SearchBouncer
[23150:1:0208/162037.965674:ERROR:child_thread_impl.cc(864)] Receiver for unknown Channel-associated interface: chrome.mojom.SearchBouncer
[23258:1:0208/162038.365484:ERROR:child_thread_impl.cc(864)] Receiver for unknown Channel-associated interface: chrome.mojom.SearchBouncer
[22143:1:0208/162038.509891:ERROR:child_process_sandbox_support_impl_linux.cc(81)] FontService unique font name matching request did not receive a response.
[23276:1:0208/162038.626602:ERROR:child_thread_impl.cc(864)] Receiver for unknown Channel-associated interface: chrome.mojom.SearchBouncer
[23292:1:0208/162039.379990:ERROR:child_thread_impl.cc(864)] Receiver for unknown Channel-associated interface: chrome.mojom.SearchBouncer
[22141:1:0208/162039.577104:ERROR:child_process_sandbox_support_impl_linux.cc(81)] FontService unique font name matching request did not receive a response.
[23342:1:0208/162039.816072:ERROR:child_thread_impl.cc(864)] Receiver for unknown Channel-associated interface: chrome.mojom.SearchBouncer
[23356:1:0208/162040.481125:ERROR:child_thread_impl.cc(864)] Receiver for unknown Channel-associated interface: chrome.mojom.SearchBouncer
[23378:1:0208/162041.147355:ERROR:child_thread_impl.cc(864)] Receiver for unknown Channel-associated interface: chrome.mojom.SearchBouncer
[23384:1:0208/162041.151571:ERROR:child_thread_impl.cc(864)] Receiver for unknown Channel-associated interface: chrome.mojom.SearchBouncer
[23390:1:0208/162041.156803:ERROR:child_thread_impl.cc(864)] Receiver for unknown Channel-associated interface: chrome.mojom.SearchBouncer
[23408:1:0208/162041.164497:ERROR:child_thread_impl.cc(864)] Receiver for unknown Channel-associated interface: chrome.mojom.SearchBouncer
[23420:1:0208/162041.172397:ERROR:child_thread_impl.cc(864)] Receiver for unknown Channel-associated interface: chrome.mojom.SearchBouncer
[23439:1:0208/162041.181930:ERROR:child_thread_impl.cc(864)] Receiver for unknown Channel-associated interface: chrome.mojom.SearchBouncer
[23432:1:0208/162041.182452:ERROR:child_thread_impl.cc(864)] Receiver for unknown Channel-associated interface: chrome.mojom.SearchBouncer
[23451:1:0208/162041.191223:ERROR:child_thread_impl.cc(864)] Receiver for unknown Channel-associated interface: chrome.mojom.SearchBouncer
[23468:1:0208/162041.194555:ERROR:child_thread_impl.cc(864)] Receiver for unknown Channel-associated interface: chrome.mojom.SearchBouncer
[23505:1:0208/162041.571323:ERROR:child_thread_impl.cc(864)] Receiver for unknown Channel-associated interface: chrome.mojom.SearchBouncer
[22192:1:0208/162041.637870:ERROR:child_process_sandbox_support_impl_linux.cc(81)] FontService unique font name matching request did not receive a response.
[22192:1:0208/162041.638351:ERROR:child_process_sandbox_support_impl_linux.cc(81)] FontService unique font name matching request did not receive a response.
[23659:1:0208/162042.787520:ERROR:child_thread_impl.cc(864)] Receiver for unknown Channel-associated interface: chrome.mojom.SearchBouncer
[23668:1:0208/162042.806603:ERROR:child_thread_impl.cc(864)] Receiver for unknown Channel-associated interface: chrome.mojom.SearchBouncer
[23682:1:0208/162042.807281:ERROR:child_thread_impl.cc(864)] Receiver for unknown Channel-associated interface: chrome.mojom.SearchBouncer
[23699:1:0208/162042.820344:ERROR:child_thread_impl.cc(864)] Receiver for unknown Channel-associated interface: chrome.mojom.SearchBouncer
[22192:22:0208/162044.053278:ERROR:data_channel.cc(54)] Accepting maxRetransmits = -1 for backwards compatibility
[22192:22:0208/162044.053461:ERROR:data_channel.cc(59)] Accepting maxRetransmitTime = -1 for backwards compatibility
[24286:1:0208/162114.356659:ERROR:child_thread_impl.cc(864)] Receiver for unknown Channel-associated interface: chrome.mojom.SearchBouncer
[21935:21942:0208/162114.698586:ERROR:cert_verify_proc_nss.cc(1011)] CERT_PKIXVerifyCert for sync.resetdigital.co failed err=-8181
[21935:21938:0208/162114.698855:ERROR:ssl_client_socket_impl.cc(969)] handshake failed; returned -1, SSL error code 1, net_error -201
Fontconfig error: Cannot load default config file
[21784:21817:0208/162122.985400:ERROR:socket_stream.cc(218)] Closing stream with result -2
[21784:21817:0208/162208.253341:ERROR:socket_stream.cc(218)] Closing stream with result -2
[21784:21817:0208/162253.555397:ERROR:socket_stream.cc(218)] Closing stream with result -2
[21784:21817:0208/162339.183113:ERROR:socket_stream.cc(218)] Closing stream with result -2
[21784:21817:0208/162424.462010:ERROR:socket_stream.cc(218)] Closing stream with result -2
[21784:21817:0208/162509.735621:ERROR:socket_stream.cc(218)] Closing stream with result -2
[21784:21817:0208/162555.020400:ERROR:socket_stream.cc(218)] Closing stream with result -2
[21784:21817:0208/162640.309771:ERROR:socket_stream.cc(218)] Closing stream with result -2
[21784:21817:0208/162725.609763:ERROR:socket_stream.cc(218)] Closing stream with result -2
[21784:21817:0208/162810.880337:ERROR:socket_stream.cc(218)] Closing stream with result -2
[21784:21817:0208/162856.181564:ERROR:socket_stream.cc(218)] Closing stream with result -2
[21784:21817:0208/162941.451835:ERROR:socket_stream.cc(218)] Closing stream with result -2
[21784:21817:0208/163026.739498:ERROR:socket_stream.cc(218)] Closing stream with result -2
[21784:21817:0208/163112.006562:ERROR:socket_stream.cc(218)] Closing stream with result -2
[21784:21817:0208/163157.303791:ERROR:socket_stream.cc(218)] Closing stream with result -2
[21784:21817:0208/163242.589521:ERROR:socket_stream.cc(218)] Closing stream with result -2
[21784:21817:0208/163327.871968:ERROR:socket_stream.cc(218)] Closing stream with result -2
[21784:21817:0208/163413.172112:ERROR:socket_stream.cc(218)] Closing stream with result -2
[21784:21817:0208/163458.462566:ERROR:socket_stream.cc(218)] Closing stream with result -2
[26273:1:0208/163459.300949:ERROR:child_thread_impl.cc(864)] Receiver for unknown Channel-associated interface: chrome.mojom.SearchBouncer
[26283:1:0208/163459.309051:ERROR:child_thread_impl.cc(864)] Receiver for unknown Channel-associated interface: chrome.mojom.SearchBouncer
[26305:1:0208/163459.855008:ERROR:child_thread_impl.cc(864)] Receiver for unknown Channel-associated interface: chrome.mojom.SearchBouncer
[21784:21817:0208/163543.749144:ERROR:socket_stream.cc(218)] Closing stream with result -2
[21784:21817:0208/163629.062232:ERROR:socket_stream.cc(218)] Closing stream with result -2
[21784:21817:0208/163714.346527:ERROR:socket_stream.cc(218)] Closing stream with result -2
[21784:21817:0208/163759.625515:ERROR:socket_stream.cc(218)] Closing stream with result -2
[21784:21817:0208/163844.927415:ERROR:socket_stream.cc(218)] Closing stream with result -2
[27523:1:0208/163929.150255:ERROR:child_thread_impl.cc(864)] Receiver for unknown Channel-associated interface: chrome.mojom.SearchBouncer
[21784:21817:0208/163930.193186:ERROR:socket_stream.cc(218)] Closing stream with result -2
[21784:21817:0208/164015.494469:ERROR:socket_stream.cc(218)] Closing stream with result -2
[22083:15:0208/164020.394951:ERROR:batching_media_log.cc(26)] MediaEvent: MEDIA_ERROR_LOG_ENTRY {"error":"FFmpegDemuxer: no supported streams"}
[22083:1:0208/164020.395479:ERROR:batching_media_log.cc(26)] MediaEvent: PIPELINE_ERROR DEMUXER_ERROR_NO_SUPPORTED_STREAMS
[22083:15:0208/164020.750915:ERROR:batching_media_log.cc(26)] MediaEvent: MEDIA_ERROR_LOG_ENTRY {"error":"FFmpegDemuxer: no supported streams"}
[22083:1:0208/164020.755253:ERROR:batching_media_log.cc(26)] MediaEvent: PIPELINE_ERROR DEMUXER_ERROR_NO_SUPPORTED_STREAMS
[27912:1:0208/164038.275102:ERROR:child_thread_impl.cc(864)] Receiver for unknown Channel-associated interface: chrome.mojom.SearchBouncer
[28081:1:0208/164058.040047:ERROR:child_thread_impl.cc(864)] Receiver for unknown Channel-associated interface: chrome.mojom.SearchBouncer
[21784:21817:0208/164100.790638:ERROR:socket_stream.cc(218)] Closing stream with result -2
[28137:1:0208/164112.114167:ERROR:child_thread_impl.cc(864)] Receiver for unknown Channel-associated interface: chrome.mojom.SearchBouncer
[28197:1:0208/164128.564805:ERROR:child_thread_impl.cc(864)] Receiver for unknown Channel-associated interface: chrome.mojom.SearchBouncer
[28216:1:0208/164130.846278:ERROR:child_thread_impl.cc(864)] Receiver for unknown Channel-associated interface: chrome.mojom.SearchBouncer
[28228:1:0208/164131.192841:ERROR:child_thread_impl.cc(864)] Receiver for unknown Channel-associated interface: chrome.mojom.SearchBouncer
[28249:1:0208/164131.659261:ERROR:child_thread_impl.cc(864)] Receiver for unknown Channel-associated interface: chrome.mojom.SearchBouncer
[28280:1:0208/164133.149399:ERROR:child_thread_impl.cc(864)] Receiver for unknown Channel-associated interface: chrome.mojom.SearchBouncer
[28293:1:0208/164133.782860:ERROR:child_thread_impl.cc(864)] Receiver for unknown Channel-associated interface: chrome.mojom.SearchBouncer
[28299:1:0208/164133.788498:ERROR:child_thread_impl.cc(864)] Receiver for unknown Channel-associated interface: chrome.mojom.SearchBouncer
[28311:1:0208/164133.793018:ERROR:child_thread_impl.cc(864)] Receiver for unknown Channel-associated interface: chrome.mojom.SearchBouncer
[28323:1:0208/164133.799474:ERROR:child_thread_impl.cc(864)] Receiver for unknown Channel-associated interface: chrome.mojom.SearchBouncer
[28335:1:0208/164133.806555:ERROR:child_thread_impl.cc(864)] Receiver for unknown Channel-associated interface: chrome.mojom.SearchBouncer
[28347:1:0208/164133.813775:ERROR:child_thread_impl.cc(864)] Receiver for unknown Channel-associated interface: chrome.mojom.SearchBouncer
[28359:1:0208/164133.823148:ERROR:child_thread_impl.cc(864)] Receiver for unknown Channel-associated interface: chrome.mojom.SearchBouncer
[28366:1:0208/164133.827158:ERROR:child_thread_impl.cc(864)] Receiver for unknown Channel-associated interface: chrome.mojom.SearchBouncer
[28393:1:0208/164133.838207:ERROR:child_thread_impl.cc(864)] Receiver for unknown Channel-associated interface: chrome.mojom.SearchBouncer
[28382:1:0208/164133.838284:ERROR:child_thread_impl.cc(864)] Receiver for unknown Channel-associated interface: chrome.mojom.SearchBouncer
[21784:21817:0208/164146.081286:ERROR:socket_stream.cc(218)] Closing stream with result -2
[28964:1:0208/164217.311930:ERROR:child_thread_impl.cc(864)] Receiver for unknown Channel-associated interface: chrome.mojom.SearchBouncer
[21784:21817:0208/164231.382446:ERROR:socket_stream.cc(218)] Closing stream with result -2
[21784:21817:0208/164316.680973:ERROR:socket_stream.cc(218)] Closing stream with result -2
[29152:1:0208/164317.524899:ERROR:child_thread_impl.cc(864)] Receiver for unknown Channel-associated interface: chrome.mojom.SearchBouncer
[29261:1:0208/164353.376802:ERROR:child_thread_impl.cc(864)] Receiver for unknown Channel-associated interface: chrome.mojom.SearchBouncer
[29277:1:0208/164353.812155:ERROR:child_thread_impl.cc(864)] Receiver for unknown Channel-associated interface: chrome.mojom.SearchBouncer
[21784:21817:0208/164401.962257:ERROR:socket_stream.cc(218)] Closing stream with result -2
[21784:21817:0208/164447.257948:ERROR:socket_stream.cc(218)] Closing stream with result -2
[29450:1:0208/164451.499123:ERROR:child_thread_impl.cc(864)] Receiver for unknown Channel-associated interface: chrome.mojom.SearchBouncer
[29464:1:0208/164451.963720:ERROR:child_thread_impl.cc(864)] Receiver for unknown Channel-associated interface: chrome.mojom.SearchBouncer
[21784:21817:0208/164532.553786:ERROR:socket_stream.cc(218)] Closing stream with result -2
[29643:1:0208/164541.588653:ERROR:child_thread_impl.cc(864)] Receiver for unknown Channel-associated interface: chrome.mojom.SearchBouncer
[29658:1:0208/164541.938420:ERROR:child_thread_impl.cc(864)] Receiver for unknown Channel-associated interface: chrome.mojom.SearchBouncer
[21784:21817:0208/164617.827092:ERROR:socket_stream.cc(218)] Closing stream with result -2
[21784:21817:0208/164703.125973:ERROR:socket_stream.cc(218)] Closing stream with result -2
[29968:1:0208/164724.417507:ERROR:child_thread_impl.cc(864)] Receiver for unknown Channel-associated interface: chrome.mojom.SearchBouncer
[30038:1:0208/164739.417366:ERROR:child_thread_impl.cc(864)] Receiver for unknown Channel-associated interface: chrome.mojom.SearchBouncer
[21784:21817:0208/164748.421747:ERROR:socket_stream.cc(218)] Closing stream with result -2
[21784:21817:0208/164833.710917:ERROR:socket_stream.cc(218)] Closing stream with result -2
[30198:1:0208/164844.630572:ERROR:child_thread_impl.cc(864)] Receiver for unknown Channel-associated interface: chrome.mojom.SearchBouncer
[21784:21817:0208/164919.016883:ERROR:socket_stream.cc(218)] Closing stream with result -2
[21784:21817:0208/165004.317932:ERROR:socket_stream.cc(218)] Closing stream with result -2
[21784:21817:0208/165049.605807:ERROR:socket_stream.cc(218)] Closing stream with result -2
[21784:21817:0208/165134.879892:ERROR:socket_stream.cc(218)] Closing stream with result -2
[22083:1:0208/165154.513263:ERROR:child_process_sandbox_support_impl_linux.cc(81)] FontService unique font name matching request did not receive a response.
[21784:21817:0208/165220.170124:ERROR:socket_stream.cc(218)] Closing stream with result -2
[21784:21817:0208/165305.462514:ERROR:socket_stream.cc(218)] Closing stream with result -2
[21784:21817:0208/165350.729808:ERROR:socket_stream.cc(218)] Closing stream with result -2
[21784:21817:0208/165436.013718:ERROR:socket_stream.cc(218)] Closing stream with result -2
[21784:21817:0208/165521.294897:ERROR:socket_stream.cc(218)] Closing stream with result -2
[21784:21817:0208/165606.573677:ERROR:socket_stream.cc(218)] Closing stream with result -2
[31320:1:0208/165645.932703:ERROR:child_thread_impl.cc(864)] Receiver for unknown Channel-associated interface: chrome.mojom.SearchBouncer
[31335:1:0208/165646.917837:ERROR:child_thread_impl.cc(864)] Receiver for unknown Channel-associated interface: chrome.mojom.SearchBouncer
[31320:15:0208/165647.930257:ERROR:batching_media_log.cc(26)] MediaEvent: MEDIA_ERROR_LOG_ENTRY {"error":"FFmpegDemuxer: no supported streams"}
[31320:1:0208/165647.930868:ERROR:batching_media_log.cc(26)] MediaEvent: PIPELINE_ERROR DEMUXER_ERROR_NO_SUPPORTED_STREAMS
[21784:21817:0208/165651.876828:ERROR:socket_stream.cc(218)] Closing stream with result -2
[31406:1:0208/165705.941584:ERROR:child_thread_impl.cc(864)] Receiver for unknown Channel-associated interface: chrome.mojom.SearchBouncer
[21784:21817:0208/165737.165489:ERROR:socket_stream.cc(218)] Closing stream with result -2
[21784:21817:0208/165822.434748:ERROR:socket_stream.cc(218)] Closing stream with result -2
[21784:21817:0208/165907.712477:ERROR:socket_stream.cc(218)] Closing stream with result -2
[31736:1:0208/165907.767897:ERROR:child_thread_impl.cc(864)] Receiver for unknown Channel-associated interface: chrome.mojom.SearchBouncer
[31742:1:0208/165907.775538:ERROR:child_thread_impl.cc(864)] Receiver for unknown Channel-associated interface: chrome.mojom.SearchBouncer
[21784:21817:0208/165952.990540:ERROR:socket_stream.cc(218)] Closing stream with result -2
[21784:21817:0208/170038.252113:ERROR:socket_stream.cc(218)] Closing stream with result -2
[31406:1:0208/170041.905941:ERROR:child_process_sandbox_support_impl_linux.cc(81)] FontService unique font name matching request did not receive a response.
[31406:1:0208/170041.906994:ERROR:child_process_sandbox_support_impl_linux.cc(81)] FontService unique font name matching request did not receive a response.
[21784:21817:0208/170123.545819:ERROR:socket_stream.cc(218)] Closing stream with result -2
[32214:1:0208/170204.591700:ERROR:child_thread_impl.cc(864)] Receiver for unknown Channel-associated interface: chrome.mojom.SearchBouncer
[21784:21817:0208/170208.838703:ERROR:socket_stream.cc(218)] Closing stream with result -2
[21784:21817:0208/170254.111682:ERROR:socket_stream.cc(218)] Closing stream with result -2
[21784:21817:0208/170339.392394:ERROR:socket_stream.cc(218)] Closing stream with result -2
[21784:21817:0208/170424.682186:ERROR:socket_stream.cc(218)] Closing stream with result -2
[21784:21817:0208/170509.972909:ERROR:socket_stream.cc(218)] Closing stream with result -2
[21784:21817:0208/170555.249094:ERROR:socket_stream.cc(218)] Closing stream with result -2
[21784:21817:0208/170640.523973:ERROR:socket_stream.cc(218)] Closing stream with result -2
[21784:21817:0208/170725.820678:ERROR:socket_stream.cc(218)] Closing stream with result -2
[21784:21817:0208/170811.111941:ERROR:socket_stream.cc(218)] Closing stream with result -2
[21784:21817:0208/170856.400548:ERROR:socket_stream.cc(218)] Closing stream with result -2
[21784:21817:0208/170941.681503:ERROR:socket_stream.cc(218)] Closing stream with result -2
[647:1:0208/170952.920294:ERROR:child_thread_impl.cc(864)] Receiver for unknown Channel-associated interface: chrome.mojom.SearchBouncer
[676:1:0208/170954.413543:ERROR:child_thread_impl.cc(864)] Receiver for unknown Channel-associated interface: chrome.mojom.SearchBouncer
[698:1:0208/170955.251157:ERROR:child_thread_impl.cc(864)] Receiver for unknown Channel-associated interface: chrome.mojom.SearchBouncer
[676:15:0208/170955.575382:ERROR:batching_media_log.cc(26)] MediaEvent: MEDIA_ERROR_LOG_ENTRY {"error":"FFmpegDemuxer: no supported streams"}
[676:1:0208/170955.575586:ERROR:batching_media_log.cc(26)] MediaEvent: PIPELINE_ERROR DEMUXER_ERROR_NO_SUPPORTED_STREAMS
[21784:21817:0208/171027.083129:ERROR:socket_stream.cc(218)] Closing stream with result -2
[909:1:0208/171056.543056:ERROR:child_thread_impl.cc(864)] Receiver for unknown Channel-associated interface: chrome.mojom.SearchBouncer
[21784:21817:0208/171112.347653:ERROR:socket_stream.cc(218)] Closing stream with result -2
[21784:21817:0208/171157.620878:ERROR:socket_stream.cc(218)] Closing stream with result -2
[21784:21817:0208/171242.896629:ERROR:socket_stream.cc(218)] Closing stream with result -2
[1099:1:0208/171249.676793:ERROR:child_thread_impl.cc(864)] Receiver for unknown Channel-associated interface: chrome.mojom.SearchBouncer
[21784:21817:0208/171328.189260:ERROR:socket_stream.cc(218)] Closing stream with result -2
[21784:21817:0208/171413.459159:ERROR:socket_stream.cc(218)] Closing stream with result -2
[21784:21817:0208/171458.748262:ERROR:socket_stream.cc(218)] Closing stream with result -2
[21784:21817:0208/171544.030368:ERROR:socket_stream.cc(218)] Closing stream with result -2
[21784:21817:0208/171629.323922:ERROR:socket_stream.cc(218)] Closing stream with result -2
[21784:21817:0208/171714.595464:ERROR:socket_stream.cc(218)] Closing stream with result -2
[21784:21817:0208/171759.870171:ERROR:socket_stream.cc(218)] Closing stream with result -2
[21784:21817:0208/171845.201862:ERROR:socket_stream.cc(218)] Closing stream with result -2
[21784:21817:0208/171930.489851:ERROR:socket_stream.cc(218)] Closing stream with result -2
[21784:21817:0208/172015.757180:ERROR:socket_stream.cc(218)] Closing stream with result -2
[21784:21817:0208/172101.035270:ERROR:socket_stream.cc(218)] Closing stream with result -2
[21784:21817:0208/172146.322148:ERROR:socket_stream.cc(218)] Closing stream with result -2
[21784:21817:0208/172231.607517:ERROR:socket_stream.cc(218)] Closing stream with result -2
[21784:21817:0208/172316.884708:ERROR:socket_stream.cc(218)] Closing stream with result -2
[21784:21817:0208/172402.151451:ERROR:socket_stream.cc(218)] Closing stream with result -2
[21784:21817:0208/172447.441249:ERROR:socket_stream.cc(218)] Closing stream with result -2
[21784:21817:0208/172532.792491:ERROR:socket_stream.cc(218)] Closing stream with result -2
[21784:21817:0208/172618.057216:ERROR:socket_stream.cc(218)] Closing stream with result -2
[21784:21817:0208/172703.339688:ERROR:socket_stream.cc(218)] Closing stream with result -2
[21784:21817:0208/172748.622109:ERROR:socket_stream.cc(218)] Closing stream with result -2
[21784:21817:0208/172833.931427:ERROR:socket_stream.cc(218)] Closing stream with result -2
[21784:21817:0208/172919.212926:ERROR:socket_stream.cc(218)] Closing stream with result -2
[21784:21817:0208/173004.487327:ERROR:socket_stream.cc(218)] Closing stream with result -2
[21784:21817:0208/173049.767746:ERROR:socket_stream.cc(218)] Closing stream with result -2
[21784:21817:0208/173135.053232:ERROR:socket_stream.cc(218)] Closing stream with result -2
[21784:21817:0208/173220.378574:ERROR:socket_stream.cc(218)] Closing stream with result -2
[21784:21817:0208/173305.663225:ERROR:socket_stream.cc(218)] Closing stream with result -2
[21784:21817:0208/173350.967861:ERROR:socket_stream.cc(218)] Closing stream with result -2
[21784:21817:0208/173436.257302:ERROR:socket_stream.cc(218)] Closing stream with result -2
[21784:21817:0208/173521.568599:ERROR:socket_stream.cc(218)] Closing stream with result -2
[21784:21817:0208/173606.844953:ERROR:socket_stream.cc(218)] Closing stream with result -2
[21784:21817:0208/173652.124419:ERROR:socket_stream.cc(218)] Closing stream with result -2
[21784:21817:0208/173737.404898:ERROR:socket_stream.cc(218)] Closing stream with result -2
[5416:1:0208/173753.369656:ERROR:child_thread_impl.cc(864)] Receiver for unknown Channel-associated interface: chrome.mojom.SearchBouncer
[21784:21817:0208/173822.705399:ERROR:socket_stream.cc(218)] Closing stream with result -2
[21784:21817:0208/173907.971843:ERROR:socket_stream.cc(218)] Closing stream with result -2
[21784:21817:0208/173953.265122:ERROR:socket_stream.cc(218)] Closing stream with result -2
[5879:1:0208/174027.216784:ERROR:child_thread_impl.cc(864)] Receiver for unknown Channel-associated interface: chrome.mojom.SearchBouncer
[5894:1:0208/174027.610944:ERROR:child_thread_impl.cc(864)] Receiver for unknown Channel-associated interface: chrome.mojom.SearchBouncer
[21784:21817:0208/174038.558254:ERROR:socket_stream.cc(218)] Closing stream with result -2
[21784:21817:0208/174123.843596:ERROR:socket_stream.cc(218)] Closing stream with result -2
[21784:21817:0208/174209.120336:ERROR:socket_stream.cc(218)] Closing stream with result -2
[21784:21817:0208/174254.401305:ERROR:socket_stream.cc(218)] Closing stream with result -2
[21784:21817:0208/174339.687109:ERROR:socket_stream.cc(218)] Closing stream with result -2
[6441:1:0208/174339.743640:ERROR:child_thread_impl.cc(864)] Receiver for unknown Channel-associated interface: chrome.mojom.SearchBouncer
[21784:21817:0208/174424.957662:ERROR:socket_stream.cc(218)] Closing stream with result -2
[6818:1:0208/174447.426908:ERROR:child_thread_impl.cc(864)] Receiver for unknown Channel-associated interface: chrome.mojom.SearchBouncer
[6842:1:0208/174447.838238:ERROR:child_thread_impl.cc(864)] Receiver for unknown Channel-associated interface: chrome.mojom.SearchBouncer
[6930:1:0208/174502.460718:ERROR:child_thread_impl.cc(864)] Receiver for unknown Channel-associated interface: chrome.mojom.SearchBouncer
[21784:21817:0208/174511.231391:ERROR:socket_stream.cc(218)] Closing stream with result -2
[7155:1:0208/174537.413886:ERROR:child_thread_impl.cc(864)] Receiver for unknown Channel-associated interface: chrome.mojom.SearchBouncer
[7161:1:0208/174537.419591:ERROR:child_thread_impl.cc(864)] Receiver for unknown Channel-associated interface: chrome.mojom.SearchBouncer
[7181:1:0208/174537.810388:ERROR:child_thread_impl.cc(864)] Receiver for unknown Channel-associated interface: chrome.mojom.SearchBouncer
[21784:21817:0208/174556.519838:ERROR:socket_stream.cc(218)] Closing stream with result -2
[7661:1:0208/174633.452955:ERROR:child_thread_impl.cc(864)] Receiver for unknown Channel-associated interface: chrome.mojom.SearchBouncer
[7667:1:0208/174633.458465:ERROR:child_thread_impl.cc(864)] Receiver for unknown Channel-associated interface: chrome.mojom.SearchBouncer
[7691:1:0208/174633.800428:ERROR:child_thread_impl.cc(864)] Receiver for unknown Channel-associated interface: chrome.mojom.SearchBouncer
[21784:21817:0208/174641.801299:ERROR:socket_stream.cc(218)] Closing stream with result -2
[21784:21817:0208/174727.072150:ERROR:socket_stream.cc(218)] Closing stream with result -2
[21784:21817:0208/174812.334947:ERROR:socket_stream.cc(218)] Closing stream with result -2
[21784:21817:0208/174857.608535:ERROR:socket_stream.cc(218)] Closing stream with result -2
[21784:21817:0208/174942.899622:ERROR:socket_stream.cc(218)] Closing stream with result -2
[8658:1:0208/174947.298823:ERROR:child_thread_impl.cc(864)] Receiver for unknown Channel-associated interface: chrome.mojom.SearchBouncer
[8671:1:0208/174947.327152:ERROR:child_thread_impl.cc(864)] Receiver for unknown Channel-associated interface: chrome.mojom.SearchBouncer
[8691:1:0208/174947.738189:ERROR:child_thread_impl.cc(864)] Receiver for unknown Channel-associated interface: chrome.mojom.SearchBouncer
[21784:21817:0208/175028.722482:ERROR:socket_stream.cc(218)] Closing stream with result -2
[8887:1:0208/175052.394599:ERROR:child_thread_impl.cc(864)] Receiver for unknown Channel-associated interface: chrome.mojom.SearchBouncer
[21784:21817:0208/175114.010990:ERROR:socket_stream.cc(218)] Closing stream with result -2
[9034:1:0208/175148.881902:ERROR:child_thread_impl.cc(864)] Receiver for unknown Channel-associated interface: chrome.mojom.SearchBouncer
[21784:21817:0208/175159.301378:ERROR:socket_stream.cc(218)] Closing stream with result -2
[21784:21817:0208/175244.579720:ERROR:socket_stream.cc(218)] Closing stream with result -2
[21784:21817:0208/175329.871140:ERROR:socket_stream.cc(218)] Closing stream with result -2
[9392:1:0208/175410.581682:ERROR:child_thread_impl.cc(864)] Receiver for unknown Channel-associated interface: chrome.mojom.SearchBouncer
[21784:21817:0208/175415.149251:ERROR:socket_stream.cc(218)] Closing stream with result -2
[9515:1:0208/175455.029533:ERROR:child_thread_impl.cc(864)] Receiver for unknown Channel-associated interface: chrome.mojom.SearchBouncer
[21784:21817:0208/175500.432048:ERROR:socket_stream.cc(218)] Closing stream with result -2
[21784:21817:0208/175545.700201:ERROR:socket_stream.cc(218)] Closing stream with result -2
[21784:21817:0208/175630.969989:ERROR:socket_stream.cc(218)] Closing stream with result -2
[9788:1:0208/175643.547048:ERROR:child_thread_impl.cc(864)] Receiver for unknown Channel-associated interface: chrome.mojom.SearchBouncer
[21784:21817:0208/175716.271142:ERROR:socket_stream.cc(218)] Closing stream with result -2
[9925:1:0208/175734.792849:ERROR:child_thread_impl.cc(864)] Receiver for unknown Channel-associated interface: chrome.mojom.SearchBouncer
[21784:21817:0208/175801.539793:ERROR:socket_stream.cc(218)] Closing stream with result -2
[21784:21817:0208/175846.822164:ERROR:socket_stream.cc(218)] Closing stream with result -2
[21784:21817:0208/175932.094486:ERROR:socket_stream.cc(218)] Closing stream with result -2
[21784:21817:0208/180017.476700:ERROR:socket_stream.cc(218)] Closing stream with result -2
[21784:21817:0208/180102.750902:ERROR:socket_stream.cc(218)] Closing stream with result -2
[10546:1:0208/180131.347948:ERROR:child_thread_impl.cc(864)] Receiver for unknown Channel-associated interface: chrome.mojom.SearchBouncer
[21784:21817:0208/180148.060402:ERROR:socket_stream.cc(218)] Closing stream with result -2
[21784:21817:0208/180233.366856:ERROR:socket_stream.cc(218)] Closing stream with result -2
[21784:21817:0208/180318.661117:ERROR:socket_stream.cc(218)] Closing stream with result -2
[10809:1:0208/180319.380150:ERROR:child_thread_impl.cc(864)] Receiver for unknown Channel-associated interface: chrome.mojom.SearchBouncer
[21784:21817:0208/180403.939318:ERROR:socket_stream.cc(218)] Closing stream with result -2
[11006:1:0208/180436.474740:ERROR:child_thread_impl.cc(864)] Receiver for unknown Channel-associated interface: chrome.mojom.SearchBouncer
[11020:1:0208/180436.869883:ERROR:child_thread_impl.cc(864)] Receiver for unknown Channel-associated interface: chrome.mojom.SearchBouncer
[21784:21817:0208/180449.284500:ERROR:socket_stream.cc(218)] Closing stream with result -2
[21784:21817:0208/180534.547857:ERROR:socket_stream.cc(218)] Closing stream with result -2
[21784:21817:0208/180619.853948:ERROR:socket_stream.cc(218)] Closing stream with result -2
[21784:21817:0208/180705.155795:ERROR:socket_stream.cc(218)] Closing stream with result -2
[11394:1:0208/180708.447347:ERROR:child_thread_impl.cc(864)] Receiver for unknown Channel-associated interface: chrome.mojom.SearchBouncer
[11407:1:0208/180709.155287:ERROR:child_thread_impl.cc(864)] Receiver for unknown Channel-associated interface: chrome.mojom.SearchBouncer
[21784:21817:0208/180750.450343:ERROR:socket_stream.cc(218)] Closing stream with result -2
[21784:21817:0208/180835.716789:ERROR:socket_stream.cc(218)] Closing stream with result -2
[21784:21817:0208/180920.998027:ERROR:socket_stream.cc(218)] Closing stream with result -2
[21784:21817:0208/181006.283360:ERROR:socket_stream.cc(218)] Closing stream with result -2
[11797:1:0208/181039.896333:ERROR:child_thread_impl.cc(864)] Receiver for unknown Channel-associated interface: chrome.mojom.SearchBouncer
[21784:21817:0208/181051.567517:ERROR:socket_stream.cc(218)] Closing stream with result -2
[11887:1:0208/181128.053741:ERROR:child_thread_impl.cc(864)] Receiver for unknown Channel-associated interface: chrome.mojom.SearchBouncer
[21784:21817:0208/181136.874415:ERROR:socket_stream.cc(218)] Closing stream with result -2
[11917:1:0208/181141.789318:ERROR:child_thread_impl.cc(864)] Receiver for unknown Channel-associated interface: chrome.mojom.SearchBouncer
[11929:1:0208/181141.815017:ERROR:child_thread_impl.cc(864)] Receiver for unknown Channel-associated interface: chrome.mojom.SearchBouncer
[11941:1:0208/181142.258491:ERROR:child_thread_impl.cc(864)] Receiver for unknown Channel-associated interface: chrome.mojom.SearchBouncer
[21784:21817:0208/181222.178416:ERROR:socket_stream.cc(218)] Closing stream with result -2
[21784:21817:0208/181307.475644:ERROR:socket_stream.cc(218)] Closing stream with result -2
[21784:21817:0208/181352.754115:ERROR:socket_stream.cc(218)] Closing stream with result -2
[12144:1:0208/181354.102495:ERROR:child_thread_impl.cc(864)] Receiver for unknown Channel-associated interface: chrome.mojom.SearchBouncer
[12160:1:0208/181354.997782:ERROR:child_thread_impl.cc(864)] Receiver for unknown Channel-associated interface: chrome.mojom.SearchBouncer
[12166:1:0208/181355.002189:ERROR:child_thread_impl.cc(864)] Receiver for unknown Channel-associated interface: chrome.mojom.SearchBouncer
[12265:1:0208/181420.309503:ERROR:child_thread_impl.cc(864)] Receiver for unknown Channel-associated interface: chrome.mojom.SearchBouncer
[21784:21817:0208/181438.040482:ERROR:socket_stream.cc(218)] Closing stream with result -2
[21784:21817:0208/181523.327693:ERROR:socket_stream.cc(218)] Closing stream with result -2
[21784:21817:0208/181608.601134:ERROR:socket_stream.cc(218)] Closing stream with result -2
[21784:21817:0208/181653.875389:ERROR:socket_stream.cc(218)] Closing stream with result -2
[21784:21817:0208/181739.164672:ERROR:socket_stream.cc(218)] Closing stream with result -2
[21784:21817:0208/181824.450027:ERROR:socket_stream.cc(218)] Closing stream with result -2
[21784:21817:0208/181909.723007:ERROR:socket_stream.cc(218)] Closing stream with result -2
[21784:21817:0208/181954.997049:ERROR:socket_stream.cc(218)] Closing stream with result -2
[21784:21817:0208/182040.286311:ERROR:socket_stream.cc(218)] Closing stream with result -2
[12988:1:0208/182119.149847:ERROR:child_thread_impl.cc(864)] Receiver for unknown Channel-associated interface: chrome.mojom.SearchBouncer
[21784:21817:0208/182125.558590:ERROR:socket_stream.cc(218)] Closing stream with result -2
[21784:21817:0208/182210.832693:ERROR:socket_stream.cc(218)] Closing stream with result -2
[13091:1:0208/182213.542635:ERROR:child_thread_impl.cc(864)] Receiver for unknown Channel-associated interface: chrome.mojom.SearchBouncer
[21784:21817:0208/182256.108744:ERROR:socket_stream.cc(218)] Closing stream with result -2
[21784:21817:0208/182341.394649:ERROR:socket_stream.cc(218)] Closing stream with result -2
[21784:21817:0208/182426.666182:ERROR:socket_stream.cc(218)] Closing stream with result -2
[13351:1:0208/182444.849991:ERROR:child_thread_impl.cc(864)] Receiver for unknown Channel-associated interface: chrome.mojom.SearchBouncer
[21784:21817:0208/182512.137608:ERROR:socket_stream.cc(218)] Closing stream with result -2
[21784:21817:0208/182557.410419:ERROR:socket_stream.cc(218)] Closing stream with result -2
[13514:1:0208/182619.781136:ERROR:child_thread_impl.cc(864)] Receiver for unknown Channel-associated interface: chrome.mojom.SearchBouncer
[13520:1:0208/182619.785680:ERROR:child_thread_impl.cc(864)] Receiver for unknown Channel-associated interface: chrome.mojom.SearchBouncer
[21784:21817:0208/182642.703119:ERROR:socket_stream.cc(218)] Closing stream with result -2
[21784:21817:0208/182727.993520:ERROR:socket_stream.cc(218)] Closing stream with result -2
[21784:21817:0208/182813.302360:ERROR:socket_stream.cc(218)] Closing stream with result -2
[21784:21817:0208/182858.574952:ERROR:socket_stream.cc(218)] Closing stream with result -2
[21784:21817:0208/182943.906901:ERROR:socket_stream.cc(218)] Closing stream with result -2
[13910:1:0208/183017.637133:ERROR:child_thread_impl.cc(864)] Receiver for unknown Channel-associated interface: chrome.mojom.SearchBouncer
[21784:21817:0208/183029.201766:ERROR:socket_stream.cc(218)] Closing stream with result -2
[21784:21817:0208/183114.471528:ERROR:socket_stream.cc(218)] Closing stream with result -2
[21784:21817:0208/183159.757125:ERROR:socket_stream.cc(218)] Closing stream with result -2
[21784:21817:0208/183245.028016:ERROR:socket_stream.cc(218)] Closing stream with result -2
[21784:21817:0208/183330.304019:ERROR:socket_stream.cc(218)] Closing stream with result -2
[21784:21817:0208/183415.591976:ERROR:socket_stream.cc(218)] Closing stream with result -2
[21784:21817:0208/183500.879542:ERROR:socket_stream.cc(218)] Closing stream with result -2
[21784:21817:0208/183546.169833:ERROR:socket_stream.cc(218)] Closing stream with result -2
[21784:21817:0208/183631.463592:ERROR:socket_stream.cc(218)] Closing stream with result -2
[21784:21817:0208/183716.793018:ERROR:socket_stream.cc(218)] Closing stream with result -2
[21784:21817:0208/183802.073296:ERROR:socket_stream.cc(218)] Closing stream with result -2
[21784:21817:0208/183847.345441:ERROR:socket_stream.cc(218)] Closing stream with result -2
[21784:21817:0208/183932.614817:ERROR:socket_stream.cc(218)] Closing stream with result -2
[21784:21817:0208/184017.931018:ERROR:socket_stream.cc(218)] Closing stream with result -2
[14816:1:0208/184034.313939:ERROR:child_thread_impl.cc(864)] Receiver for unknown Channel-associated interface: chrome.mojom.SearchBouncer
[21784:21817:0208/184103.218849:ERROR:socket_stream.cc(218)] Closing stream with result -2
[21784:21817:0208/184148.497282:ERROR:socket_stream.cc(218)] Closing stream with result -2
[14999:1:0208/184206.020263:ERROR:child_thread_impl.cc(864)] Receiver for unknown Channel-associated interface: chrome.mojom.SearchBouncer
[15005:1:0208/184206.025405:ERROR:child_thread_impl.cc(864)] Receiver for unknown Channel-associated interface: chrome.mojom.SearchBouncer
[21784:21817:0208/184233.800247:ERROR:socket_stream.cc(218)] Closing stream with result -2
[21784:21817:0208/184319.070259:ERROR:socket_stream.cc(218)] Closing stream with result -2
[15176:1:0208/184351.440650:ERROR:child_thread_impl.cc(864)] Receiver for unknown Channel-associated interface: chrome.mojom.SearchBouncer
[21784:21817:0208/184404.361790:ERROR:socket_stream.cc(218)] Closing stream with result -2
[21784:21817:0208/184449.643454:ERROR:socket_stream.cc(218)] Closing stream with result -2
[21784:21817:0208/184535.011156:ERROR:socket_stream.cc(218)] Closing stream with result -2
[15362:1:0208/184538.823016:ERROR:child_thread_impl.cc(864)] Receiver for unknown Channel-associated interface: chrome.mojom.SearchBouncer
[21784:21817:0208/184620.307227:ERROR:socket_stream.cc(218)] Closing stream with result -2
[15483:1:0208/184637.825947:ERROR:child_thread_impl.cc(864)] Receiver for unknown Channel-associated interface: chrome.mojom.SearchBouncer
[15489:1:0208/184637.831830:ERROR:child_thread_impl.cc(864)] Receiver for unknown Channel-associated interface: chrome.mojom.SearchBouncer
[15508:1:0208/184638.240665:ERROR:child_thread_impl.cc(864)] Receiver for unknown Channel-associated interface: chrome.mojom.SearchBouncer
[15586:1:0208/184656.237962:ERROR:child_thread_impl.cc(864)] Receiver for unknown Channel-associated interface: chrome.mojom.SearchBouncer
[21784:21817:0208/184705.595960:ERROR:socket_stream.cc(218)] Closing stream with result -2
[21784:21817:0208/184750.879731:ERROR:socket_stream.cc(218)] Closing stream with result -2
[15755:1:0208/184812.069171:ERROR:child_thread_impl.cc(864)] Receiver for unknown Channel-associated interface: chrome.mojom.SearchBouncer
[15772:1:0208/184812.479777:ERROR:child_thread_impl.cc(864)] Receiver for unknown Channel-associated interface: chrome.mojom.SearchBouncer
[21784:21817:0208/184836.147107:ERROR:socket_stream.cc(218)] Closing stream with result -2
[15975:1:0208/184920.831114:ERROR:child_thread_impl.cc(864)] Receiver for unknown Channel-associated interface: chrome.mojom.SearchBouncer
[15989:1:0208/184921.270812:ERROR:child_thread_impl.cc(864)] Receiver for unknown Channel-associated interface: chrome.mojom.SearchBouncer
[21784:21817:0208/184921.420015:ERROR:socket_stream.cc(218)] Closing stream with result -2
[21784:21817:0208/185006.683392:ERROR:socket_stream.cc(218)] Closing stream with result -2
[16170:1:0208/185030.046648:ERROR:child_thread_impl.cc(864)] Receiver for unknown Channel-associated interface: chrome.mojom.SearchBouncer
[21784:21817:0208/185051.962658:ERROR:socket_stream.cc(218)] Closing stream with result -2
[21784:21817:0208/185137.266662:ERROR:socket_stream.cc(218)] Closing stream with result -2
[21784:21817:0208/185222.683839:ERROR:socket_stream.cc(218)] Closing stream with result -2
[21784:21817:0208/185307.981692:ERROR:socket_stream.cc(218)] Closing stream with result -2
[21784:21817:0208/185353.256624:ERROR:socket_stream.cc(218)] Closing stream with result -2
[21784:21817:0208/185438.560702:ERROR:socket_stream.cc(218)] Closing stream with result -2
[21784:21817:0208/185523.839442:ERROR:socket_stream.cc(218)] Closing stream with result -2
[21784:21817:0208/185609.220677:ERROR:socket_stream.cc(218)] Closing stream with result -2
[16943:1:0208/185621.447113:ERROR:child_thread_impl.cc(864)] Receiver for unknown Channel-associated interface: chrome.mojom.SearchBouncer
[21784:21817:0208/185654.513554:ERROR:socket_stream.cc(218)] Closing stream with result -2
[17132:1:0208/185738.034711:ERROR:child_thread_impl.cc(864)] Receiver for unknown Channel-associated interface: chrome.mojom.SearchBouncer
[21784:21817:0208/185739.796078:ERROR:socket_stream.cc(218)] Closing stream with result -2
[21784:21817:0208/185825.084978:ERROR:socket_stream.cc(218)] Closing stream with result -2
[17261:1:0208/185834.303586:ERROR:child_thread_impl.cc(864)] Receiver for unknown Channel-associated interface: chrome.mojom.SearchBouncer
[17290:1:0208/185837.529591:ERROR:child_thread_impl.cc(864)] Receiver for unknown Channel-associated interface: chrome.mojom.SearchBouncer
[21784:21817:0208/185910.353352:ERROR:socket_stream.cc(218)] Closing stream with result -2
[17460:1:0208/185929.911655:ERROR:child_thread_impl.cc(864)] Receiver for unknown Channel-associated interface: chrome.mojom.SearchBouncer
[21784:21817:0208/185955.646300:ERROR:socket_stream.cc(218)] Closing stream with result -2
[21784:21817:0208/190040.915907:ERROR:socket_stream.cc(218)] Closing stream with result -2
[21784:21817:0208/190126.189962:ERROR:socket_stream.cc(218)] Closing stream with result -2
[17755:1:0208/190137.335267:ERROR:child_thread_impl.cc(864)] Receiver for unknown Channel-associated interface: chrome.mojom.SearchBouncer
[21784:21817:0208/190211.471607:ERROR:socket_stream.cc(218)] Closing stream with result -2
[17869:1:0208/190216.051439:ERROR:child_thread_impl.cc(864)] Receiver for unknown Channel-associated interface: chrome.mojom.SearchBouncer
[21784:21817:0208/190256.757441:ERROR:socket_stream.cc(218)] Closing stream with result -2
[21784:21817:0208/190342.054117:ERROR:socket_stream.cc(218)] Closing stream with result -2
[21784:21817:0208/190427.345183:ERROR:socket_stream.cc(218)] Closing stream with result -2
[21784:21817:0208/190512.619841:ERROR:socket_stream.cc(218)] Closing stream with result -2
[21784:21817:0208/190557.892671:ERROR:socket_stream.cc(218)] Closing stream with result -2
[21784:21817:0208/190643.493987:ERROR:socket_stream.cc(218)] Closing stream with result -2
[21784:21817:0208/190728.778284:ERROR:socket_stream.cc(218)] Closing stream with result -2
[21784:21817:0208/190814.063108:ERROR:socket_stream.cc(218)] Closing stream with result -2
[21784:21817:0208/190859.346123:ERROR:socket_stream.cc(218)] Closing stream with result -2
[21784:21817:0208/190944.622973:ERROR:socket_stream.cc(218)] Closing stream with result -2
[21784:21817:0208/191029.908640:ERROR:socket_stream.cc(218)] Closing stream with result -2
[21784:21817:0208/191115.214057:ERROR:socket_stream.cc(218)] Closing stream with result -2
[21784:21817:0208/191200.501150:ERROR:socket_stream.cc(218)] Closing stream with result -2
[21784:21817:0208/191245.775347:ERROR:socket_stream.cc(218)] Closing stream with result -2
[21784:21817:0208/191331.057620:ERROR:socket_stream.cc(218)] Closing stream with result -2
[21784:21817:0208/191416.347494:ERROR:socket_stream.cc(218)] Closing stream with result -2
[21784:21817:0208/191501.638112:ERROR:socket_stream.cc(218)] Closing stream with result -2
[21784:21817:0208/191546.919133:ERROR:socket_stream.cc(218)] Closing stream with result -2
[21784:21817:0208/191632.215807:ERROR:socket_stream.cc(218)] Closing stream with result -2
[21784:21817:0208/191717.499612:ERROR:socket_stream.cc(218)] Closing stream with result -2
[21784:21817:0208/191803.576892:ERROR:socket_stream.cc(218)] Closing stream with result -2
[21784:21817:0208/191848.914058:ERROR:socket_stream.cc(218)] Closing stream with result -2
[21784:21817:0208/191934.220210:ERROR:socket_stream.cc(218)] Closing stream with result -2
[21784:21817:0208/192019.520387:ERROR:socket_stream.cc(218)] Closing stream with result -2
[21784:21817:0208/192104.804923:ERROR:socket_stream.cc(218)] Closing stream with result -2
[20501:1:0208/192120.732695:ERROR:child_thread_impl.cc(864)] Receiver for unknown Channel-associated interface: chrome.mojom.SearchBouncer
[21784:21817:0208/192150.086542:ERROR:socket_stream.cc(218)] Closing stream with result -2
[20650:1:0208/192221.851664:ERROR:child_thread_impl.cc(864)] Receiver for unknown Channel-associated interface: chrome.mojom.SearchBouncer
[21784:21817:0208/192235.370750:ERROR:socket_stream.cc(218)] Closing stream with result -2
[21784:21817:0208/192320.665012:ERROR:socket_stream.cc(218)] Closing stream with result -2
[21784:21817:0208/192405.947260:ERROR:socket_stream.cc(218)] Closing stream with result -2
[21009:1:0208/192440.319046:ERROR:child_thread_impl.cc(864)] Receiver for unknown Channel-associated interface: chrome.mojom.SearchBouncer
[21784:21817:0208/192451.246742:ERROR:socket_stream.cc(218)] Closing stream with result -2
[21784:21817:0208/192536.529604:ERROR:socket_stream.cc(218)] Closing stream with result -2
[21784:21817:0208/192621.823180:ERROR:socket_stream.cc(218)] Closing stream with result -2
[21784:21817:0208/192707.105854:ERROR:socket_stream.cc(218)] Closing stream with result -2
[21784:21817:0208/192752.393587:ERROR:socket_stream.cc(218)] Closing stream with result -2
[21784:21817:0208/192837.670929:ERROR:socket_stream.cc(218)] Closing stream with result -2
[21784:21817:0208/192922.947421:ERROR:socket_stream.cc(218)] Closing stream with result -2
[21784:21817:0208/193008.226393:ERROR:socket_stream.cc(218)] Closing stream with result -2
[21786:1:0208/193010.916020:ERROR:child_thread_impl.cc(864)] Receiver for unknown Channel-associated interface: chrome.mojom.SearchBouncer
[21784:21817:0208/193053.530505:ERROR:socket_stream.cc(218)] Closing stream with result -2
[21784:21817:0208/193138.824210:ERROR:socket_stream.cc(218)] Closing stream with result -2
[21784:21817:0208/193224.101208:ERROR:socket_stream.cc(218)] Closing stream with result -2
[21784:21817:0208/193309.403750:ERROR:socket_stream.cc(218)] Closing stream with result -2
[21784:21817:0208/193354.708255:ERROR:socket_stream.cc(218)] Closing stream with result -2
[21784:21817:0208/193439.996839:ERROR:socket_stream.cc(218)] Closing stream with result -2
[21784:21817:0208/193525.265442:ERROR:socket_stream.cc(218)] Closing stream with result -2
[21784:21817:0208/193610.567772:ERROR:socket_stream.cc(218)] Closing stream with result -2
[22785:1:0208/193625.081628:ERROR:child_thread_impl.cc(864)] Receiver for unknown Channel-associated interface: chrome.mojom.SearchBouncer
[21784:21817:0208/193655.853288:ERROR:socket_stream.cc(218)] Closing stream with result -2
[21784:21817:0208/193741.130468:ERROR:socket_stream.cc(218)] Closing stream with result -2
[21784:21817:0208/193826.432765:ERROR:socket_stream.cc(218)] Closing stream with result -2
[21784:21817:0208/193911.724952:ERROR:socket_stream.cc(218)] Closing stream with result -2
[21784:21817:0208/193957.032255:ERROR:socket_stream.cc(218)] Closing stream with result -2
[21784:21817:0208/194042.306950:ERROR:socket_stream.cc(218)] Closing stream with result -2
[21784:21817:0208/194127.579123:ERROR:socket_stream.cc(218)] Closing stream with result -2
[21784:21817:0208/194212.863559:ERROR:socket_stream.cc(218)] Closing stream with result -2
[21784:21817:0208/194258.182082:ERROR:socket_stream.cc(218)] Closing stream with result -2
[21784:21817:0208/194343.475613:ERROR:socket_stream.cc(218)] Closing stream with result -2
[21784:21817:0208/194428.774673:ERROR:socket_stream.cc(218)] Closing stream with result -2
[23682:1:0208/194436.499983:ERROR:child_thread_impl.cc(864)] Receiver for unknown Channel-associated interface: chrome.mojom.SearchBouncer
[23688:1:0208/194436.507422:ERROR:child_thread_impl.cc(864)] Receiver for unknown Channel-associated interface: chrome.mojom.SearchBouncer
[21784:21817:0208/194514.053883:ERROR:socket_stream.cc(218)] Closing stream with result -2
[21784:21817:0208/194559.329569:ERROR:socket_stream.cc(218)] Closing stream with result -2
[21784:21817:0208/194644.617380:ERROR:socket_stream.cc(218)] Closing stream with result -2
[21784:21817:0208/194729.886911:ERROR:socket_stream.cc(218)] Closing stream with result -2
[24248:1:0208/194742.659847:ERROR:child_thread_impl.cc(864)] Receiver for unknown Channel-associated interface: chrome.mojom.SearchBouncer
[24254:1:0208/194742.667014:ERROR:child_thread_impl.cc(864)] Receiver for unknown Channel-associated interface: chrome.mojom.SearchBouncer
[24273:1:0208/194742.998933:ERROR:child_thread_impl.cc(864)] Receiver for unknown Channel-associated interface: chrome.mojom.SearchBouncer
[21784:21817:0208/194815.179484:ERROR:socket_stream.cc(218)] Closing stream with result -2
[24425:1:0208/194849.908749:ERROR:child_thread_impl.cc(864)] Receiver for unknown Channel-associated interface: chrome.mojom.SearchBouncer
[24431:1:0208/194849.915028:ERROR:child_thread_impl.cc(864)] Receiver for unknown Channel-associated interface: chrome.mojom.SearchBouncer
[24450:1:0208/194850.357683:ERROR:child_thread_impl.cc(864)] Receiver for unknown Channel-associated interface: chrome.mojom.SearchBouncer
[21784:21817:0208/194900.467865:ERROR:socket_stream.cc(218)] Closing stream with result -2
[24560:1:0208/194934.370079:ERROR:child_thread_impl.cc(864)] Receiver for unknown Channel-associated interface: chrome.mojom.SearchBouncer
[24573:1:0208/194934.792551:ERROR:child_thread_impl.cc(864)] Receiver for unknown Channel-associated interface: chrome.mojom.SearchBouncer
[21784:21817:0208/194945.754071:ERROR:socket_stream.cc(218)] Closing stream with result -2
[21784:21817:0208/195031.052393:ERROR:socket_stream.cc(218)] Closing stream with result -2
[21784:21817:0208/195116.330535:ERROR:socket_stream.cc(218)] Closing stream with result -2
[21784:21817:0208/195201.607932:ERROR:socket_stream.cc(218)] Closing stream with result -2
[21784:21817:0208/195246.882676:ERROR:socket_stream.cc(218)] Closing stream with result -2
[21784:21817:0208/195332.165320:ERROR:socket_stream.cc(218)] Closing stream with result -2
[21784:21817:0208/195417.448621:ERROR:socket_stream.cc(218)] Closing stream with result -2
[21784:21817:0208/195502.714527:ERROR:socket_stream.cc(218)] Closing stream with result -2
[25126:1:0208/195517.748361:ERROR:child_thread_impl.cc(864)] Receiver for unknown Channel-associated interface: chrome.mojom.SearchBouncer
[25133:1:0208/195517.757287:ERROR:child_thread_impl.cc(864)] Receiver for unknown Channel-associated interface: chrome.mojom.SearchBouncer
[24573:1:0208/195518.300257:ERROR:child_process_sandbox_support_impl_linux.cc(81)] FontService unique font name matching request did not receive a response.
[24573:1:0208/195518.300812:ERROR:child_process_sandbox_support_impl_linux.cc(81)] FontService unique font name matching request did not receive a response.
[21784:21817:0208/195548.006505:ERROR:socket_stream.cc(218)] Closing stream with result -2
[21784:21817:0208/195633.305279:ERROR:socket_stream.cc(218)] Closing stream with result -2
[21784:21817:0208/195718.589759:ERROR:socket_stream.cc(218)] Closing stream with result -2
[25391:1:0208/195759.260514:ERROR:child_thread_impl.cc(864)] Receiver for unknown Channel-associated interface: chrome.mojom.SearchBouncer
[25405:1:0208/195800.338828:ERROR:child_thread_impl.cc(864)] Receiver for unknown Channel-associated interface: chrome.mojom.SearchBouncer
[21784:21817:0208/195803.865260:ERROR:socket_stream.cc(218)] Closing stream with result -2
[25467:1:0208/195823.357078:ERROR:child_thread_impl.cc(864)] Receiver for unknown Channel-associated interface: chrome.mojom.SearchBouncer
[21784:21817:0208/195849.157194:ERROR:socket_stream.cc(218)] Closing stream with result -2
[21784:21817:0208/195934.430418:ERROR:socket_stream.cc(218)] Closing stream with result -2
[21784:21817:0208/200019.715402:ERROR:socket_stream.cc(218)] Closing stream with result -2
[25671:1:0208/200023.745177:ERROR:child_thread_impl.cc(864)] Receiver for unknown Channel-associated interface: chrome.mojom.SearchBouncer
[21784:21817:0208/200105.008632:ERROR:socket_stream.cc(218)] Closing stream with result -2
[21784:21817:0208/200150.297862:ERROR:socket_stream.cc(218)] Closing stream with result -2
[21784:21817:0208/200235.561367:ERROR:socket_stream.cc(218)] Closing stream with result -2
[21784:21817:0208/200320.859443:ERROR:socket_stream.cc(218)] Closing stream with result -2
[21784:21817:0208/200406.135703:ERROR:socket_stream.cc(218)] Closing stream with result -2
[21784:21817:0208/200451.396026:ERROR:socket_stream.cc(218)] Closing stream with result -2
[21784:21817:0208/200536.665072:ERROR:socket_stream.cc(218)] Closing stream with result -2
[21784:21817:0208/200621.962936:ERROR:socket_stream.cc(218)] Closing stream with result -2
[26282:1:0208/200650.418595:ERROR:child_thread_impl.cc(864)] Receiver for unknown Channel-associated interface: chrome.mojom.SearchBouncer
[21784:21817:0208/200707.264906:ERROR:socket_stream.cc(218)] Closing stream with result -2
[26361:1:0208/200728.075981:ERROR:child_thread_impl.cc(864)] Receiver for unknown Channel-associated interface: chrome.mojom.SearchBouncer
[21784:21817:0208/200752.558359:ERROR:socket_stream.cc(218)] Closing stream with result -2
[21784:21817:0208/200838.287127:ERROR:socket_stream.cc(218)] Closing stream with result -2
[21784:21817:0208/200923.568462:ERROR:socket_stream.cc(218)] Closing stream with result -2
[21784:21817:0208/201008.867247:ERROR:socket_stream.cc(218)] Closing stream with result -2
[21784:21817:0208/201054.146722:ERROR:socket_stream.cc(218)] Closing stream with result -2
[21784:21817:0208/201139.421162:ERROR:socket_stream.cc(218)] Closing stream with result -2
[21784:21817:0208/201224.701905:ERROR:socket_stream.cc(218)] Closing stream with result -2
[21784:21817:0208/201309.991480:ERROR:socket_stream.cc(218)] Closing stream with result -2
[21784:21817:0208/201355.275745:ERROR:socket_stream.cc(218)] Closing stream with result -2
[21784:21817:0208/201440.570827:ERROR:socket_stream.cc(218)] Closing stream with result -2
[28136:1:0208/201502.744195:ERROR:child_thread_impl.cc(864)] Receiver for unknown Channel-associated interface: chrome.mojom.SearchBouncer
[21784:21817:0208/201525.845493:ERROR:socket_stream.cc(218)] Closing stream with result -2
[21784:21817:0208/201611.109939:ERROR:socket_stream.cc(218)] Closing stream with result -2
[21784:21817:0208/201656.376926:ERROR:socket_stream.cc(218)] Closing stream with result -2
[21784:21817:0208/201741.678152:ERROR:socket_stream.cc(218)] Closing stream with result -2
[21784:21817:0208/201826.965253:ERROR:socket_stream.cc(218)] Closing stream with result -2
[28844:1:0208/201902.053027:ERROR:child_thread_impl.cc(864)] Receiver for unknown Channel-associated interface: chrome.mojom.SearchBouncer
[28858:1:0208/201902.361353:ERROR:child_thread_impl.cc(864)] Receiver for unknown Channel-associated interface: chrome.mojom.SearchBouncer
[28882:1:0208/201902.633780:ERROR:child_thread_impl.cc(864)] Receiver for unknown Channel-associated interface: chrome.mojom.SearchBouncer
[28858:15:0208/201903.940617:ERROR:batching_media_log.cc(26)] MediaEvent: MEDIA_ERROR_LOG_ENTRY {"error":"FFmpegDemuxer: no supported streams"}
[28858:1:0208/201903.941288:ERROR:batching_media_log.cc(26)] MediaEvent: PIPELINE_ERROR DEMUXER_ERROR_NO_SUPPORTED_STREAMS
[21784:21817:0208/201912.250231:ERROR:socket_stream.cc(218)] Closing stream with result -2
[21784:21817:0208/201957.539345:ERROR:socket_stream.cc(218)] Closing stream with result -2
[21784:21817:0208/202042.822540:ERROR:socket_stream.cc(218)] Closing stream with result -2
[29413:1:0208/202058.183354:ERROR:child_thread_impl.cc(864)] Receiver for unknown Channel-associated interface: chrome.mojom.SearchBouncer
[29419:1:0208/202058.187364:ERROR:child_thread_impl.cc(864)] Receiver for unknown Channel-associated interface: chrome.mojom.SearchBouncer
[28882:1:0208/202058.734755:ERROR:child_process_sandbox_support_impl_linux.cc(81)] FontService unique font name matching request did not receive a response.
[28882:1:0208/202058.735783:ERROR:child_process_sandbox_support_impl_linux.cc(81)] FontService unique font name matching request did not receive a response.
[21784:21817:0208/202128.102892:ERROR:socket_stream.cc(218)] Closing stream with result -2
[21784:21817:0208/202213.387791:ERROR:socket_stream.cc(218)] Closing stream with result -2
[21784:21817:0208/202258.681264:ERROR:socket_stream.cc(218)] Closing stream with result -2
[21784:21817:0208/202343.969453:ERROR:socket_stream.cc(218)] Closing stream with result -2
[30087:1:0208/202346.804186:ERROR:child_thread_impl.cc(864)] Receiver for unknown Channel-associated interface: chrome.mojom.SearchBouncer
[21784:21817:0208/202429.249069:ERROR:socket_stream.cc(218)] Closing stream with result -2
[21784:21817:0208/202514.519686:ERROR:socket_stream.cc(218)] Closing stream with result -2
[21784:21817:0208/202559.806386:ERROR:socket_stream.cc(218)] Closing stream with result -2
[21784:21817:0208/202645.104804:ERROR:socket_stream.cc(218)] Closing stream with result -2
[21784:21817:0208/202730.387138:ERROR:socket_stream.cc(218)] Closing stream with result -2
[31010:1:0208/202737.248276:ERROR:child_thread_impl.cc(864)] Receiver for unknown Channel-associated interface: chrome.mojom.SearchBouncer
[21784:21817:0208/202815.704733:ERROR:socket_stream.cc(218)] Closing stream with result -2
[21784:21817:0208/202900.985870:ERROR:socket_stream.cc(218)] Closing stream with result -2
[21784:21817:0208/202946.265084:ERROR:socket_stream.cc(218)] Closing stream with result -2
[31490:1:0208/203009.117405:ERROR:child_thread_impl.cc(864)] Receiver for unknown Channel-associated interface: chrome.mojom.SearchBouncer
[21784:21817:0208/203031.553682:ERROR:socket_stream.cc(218)] Closing stream with result -2
[21784:21817:0208/203116.845829:ERROR:socket_stream.cc(218)] Closing stream with result -2
[21784:21817:0208/203202.130121:ERROR:socket_stream.cc(218)] Closing stream with result -2
[31936:1:0208/203238.438220:ERROR:child_thread_impl.cc(864)] Receiver for unknown Channel-associated interface: chrome.mojom.SearchBouncer
[21784:21817:0208/203247.430556:ERROR:socket_stream.cc(218)] Closing stream with result -2
[32160:1:0208/203331.291670:ERROR:child_thread_impl.cc(864)] Receiver for unknown Channel-associated interface: chrome.mojom.SearchBouncer
[21784:21817:0208/203332.716226:ERROR:socket_stream.cc(218)] Closing stream with result -2
[21784:21817:0208/203418.000182:ERROR:socket_stream.cc(218)] Closing stream with result -2
[32333:1:0208/203421.361933:ERROR:child_thread_impl.cc(864)] Receiver for unknown Channel-associated interface: chrome.mojom.SearchBouncer
[21784:21817:0208/203503.296938:ERROR:socket_stream.cc(218)] Closing stream with result -2
[32529:1:0208/203517.992272:ERROR:child_thread_impl.cc(864)] Receiver for unknown Channel-associated interface: chrome.mojom.SearchBouncer
[21784:21817:0208/203548.595646:ERROR:socket_stream.cc(218)] Closing stream with result -2
[502:1:0208/203602.160195:ERROR:child_thread_impl.cc(864)] Receiver for unknown Channel-associated interface: chrome.mojom.SearchBouncer
[21784:21817:0208/203633.889663:ERROR:socket_stream.cc(218)] Closing stream with result -2
[21784:21817:0208/203719.201121:ERROR:socket_stream.cc(218)] Closing stream with result -2
[898:1:0208/203749.151436:ERROR:child_thread_impl.cc(864)] Receiver for unknown Channel-associated interface: chrome.mojom.SearchBouncer
[21784:21817:0208/203749.421894:ERROR:connection_handler_impl.cc(477)] Timed out waiting for GCM Protocol buffer.
[958:1:0208/203806.366536:ERROR:child_thread_impl.cc(864)] Receiver for unknown Channel-associated interface: chrome.mojom.SearchBouncer
[973:1:0208/203806.794275:ERROR:child_thread_impl.cc(864)] Receiver for unknown Channel-associated interface: chrome.mojom.SearchBouncer
[21784:21817:0208/203858.848842:ERROR:socket_stream.cc(218)] Closing stream with result -2
[21784:21817:0208/203944.138639:ERROR:socket_stream.cc(218)] Closing stream with result -2
[21784:21817:0208/204029.417535:ERROR:socket_stream.cc(218)] Closing stream with result -2
[1702:1:0208/204034.496544:ERROR:child_thread_impl.cc(864)] Receiver for unknown Channel-associated interface: chrome.mojom.SearchBouncer
[973:1:0208/204035.072288:ERROR:child_process_sandbox_support_impl_linux.cc(81)] FontService unique font name matching request did not receive a response.
[973:1:0208/204035.073094:ERROR:child_process_sandbox_support_impl_linux.cc(81)] FontService unique font name matching request did not receive a response.
[21784:21817:0208/204114.698486:ERROR:socket_stream.cc(218)] Closing stream with result -2
[1884:1:0208/204118.699448:ERROR:child_thread_impl.cc(864)] Receiver for unknown Channel-associated interface: chrome.mojom.SearchBouncer
[1915:1:0208/204119.121520:ERROR:child_thread_impl.cc(864)] Receiver for unknown Channel-associated interface: chrome.mojom.SearchBouncer
[21784:21817:0208/204200.002098:ERROR:socket_stream.cc(218)] Closing stream with result -2
[2144:1:0208/204226.933974:ERROR:child_thread_impl.cc(864)] Receiver for unknown Channel-associated interface: chrome.mojom.SearchBouncer
[2161:1:0208/204227.353122:ERROR:child_thread_impl.cc(864)] Receiver for unknown Channel-associated interface: chrome.mojom.SearchBouncer
[21784:21817:0208/204245.291585:ERROR:socket_stream.cc(218)] Closing stream with result -2
[21784:21817:0208/204330.569800:ERROR:socket_stream.cc(218)] Closing stream with result -2
[21784:21817:0208/204415.850402:ERROR:socket_stream.cc(218)] Closing stream with result -2
[21784:21817:0208/204501.120990:ERROR:socket_stream.cc(218)] Closing stream with result -2
[2576:1:0208/204530.746266:ERROR:child_thread_impl.cc(864)] Receiver for unknown Channel-associated interface: chrome.mojom.SearchBouncer
[2602:1:0208/204535.341443:ERROR:child_thread_impl.cc(864)] Receiver for unknown Channel-associated interface: chrome.mojom.SearchBouncer
[21784:21817:0208/204546.413746:ERROR:socket_stream.cc(218)] Closing stream with result -2
[21784:21817:0208/204631.711753:ERROR:socket_stream.cc(218)] Closing stream with result -2
[3010:1:0208/204656.112555:ERROR:child_thread_impl.cc(864)] Receiver for unknown Channel-associated interface: chrome.mojom.SearchBouncer
[21784:21817:0208/204717.004754:ERROR:socket_stream.cc(218)] Closing stream with result -2
[21784:21817:0208/204748.549897:ERROR:socket_stream.cc(218)] Closing stream with result -2
[21784:21817:0208/204833.833095:ERROR:socket_stream.cc(218)] Closing stream with result -2
[21784:21817:0208/204919.114017:ERROR:socket_stream.cc(218)] Closing stream with result -2
[3410:1:0208/204936.030556:ERROR:child_thread_impl.cc(864)] Receiver for unknown Channel-associated interface: chrome.mojom.SearchBouncer
[3416:1:0208/204936.036245:ERROR:child_thread_impl.cc(864)] Receiver for unknown Channel-associated interface: chrome.mojom.SearchBouncer
[3435:1:0208/204936.406622:ERROR:child_thread_impl.cc(864)] Receiver for unknown Channel-associated interface: chrome.mojom.SearchBouncer
[3448:1:0208/204937.276742:ERROR:child_thread_impl.cc(864)] Receiver for unknown Channel-associated interface: chrome.mojom.SearchBouncer
[21784:21817:0208/205004.394097:ERROR:socket_stream.cc(218)] Closing stream with result -2
[3741:1:0208/205025.711684:ERROR:child_thread_impl.cc(864)] Receiver for unknown Channel-associated interface: chrome.mojom.SearchBouncer
[3756:1:0208/205026.056693:ERROR:child_thread_impl.cc(864)] Receiver for unknown Channel-associated interface: chrome.mojom.SearchBouncer
[3809:1:0208/205035.998093:ERROR:child_thread_impl.cc(864)] Receiver for unknown Channel-associated interface: chrome.mojom.SearchBouncer
[21784:21817:0208/205049.677604:ERROR:socket_stream.cc(218)] Closing stream with result -2
[21784:21817:0208/205134.945367:ERROR:socket_stream.cc(218)] Closing stream with result -2
[4229:1:0208/205217.122501:ERROR:child_thread_impl.cc(864)] Receiver for unknown Channel-associated interface: chrome.mojom.SearchBouncer
[4243:1:0208/205217.487881:ERROR:child_thread_impl.cc(864)] Receiver for unknown Channel-associated interface: chrome.mojom.SearchBouncer
[21784:21817:0208/205220.247003:ERROR:socket_stream.cc(218)] Closing stream with result -2
[21784:21817:0208/205305.525862:ERROR:socket_stream.cc(218)] Closing stream with result -2
[21784:21817:0208/205350.826881:ERROR:socket_stream.cc(218)] Closing stream with result -2
[4489:1:0208/205428.180374:ERROR:child_thread_impl.cc(864)] Receiver for unknown Channel-associated interface: chrome.mojom.SearchBouncer
[4503:1:0208/205435.309674:ERROR:child_thread_impl.cc(864)] Receiver for unknown Channel-associated interface: chrome.mojom.SearchBouncer
[21784:21817:0208/205436.100713:ERROR:socket_stream.cc(218)] Closing stream with result -2
[21784:21817:0208/205521.395366:ERROR:socket_stream.cc(218)] Closing stream with result -2
[21784:21817:0208/205606.688397:ERROR:socket_stream.cc(218)] Closing stream with result -2
[4820:1:0208/205622.043815:ERROR:child_thread_impl.cc(864)] Receiver for unknown Channel-associated interface: chrome.mojom.SearchBouncer
[21784:21817:0208/205651.965068:ERROR:socket_stream.cc(218)] Closing stream with result -2
[21784:21817:0208/205737.385040:ERROR:socket_stream.cc(218)] Closing stream with result -2
[21784:21817:0208/205822.659928:ERROR:socket_stream.cc(218)] Closing stream with result -2
[5485:1:0208/205822.795816:ERROR:child_thread_impl.cc(864)] Receiver for unknown Channel-associated interface: chrome.mojom.SearchBouncer
[21784:21817:0208/205907.948130:ERROR:socket_stream.cc(218)] Closing stream with result -2
[21784:21817:0208/205953.232813:ERROR:socket_stream.cc(218)] Closing stream with result -2
[5786:1:0208/210037.527573:ERROR:child_thread_impl.cc(864)] Receiver for unknown Channel-associated interface: chrome.mojom.SearchBouncer
[21784:21817:0208/210038.512461:ERROR:socket_stream.cc(218)] Closing stream with result -2
[21784:21817:0208/210123.789301:ERROR:socket_stream.cc(218)] Closing stream with result -2
[21784:21817:0208/210209.064685:ERROR:socket_stream.cc(218)] Closing stream with result -2
[21784:21817:0208/210254.343863:ERROR:socket_stream.cc(218)] Closing stream with result -2
[21784:21817:0208/210339.644152:ERROR:socket_stream.cc(218)] Closing stream with result -2
[6219:1:0208/210340.285260:ERROR:child_thread_impl.cc(864)] Receiver for unknown Channel-associated interface: chrome.mojom.SearchBouncer
[21784:21817:0208/210424.949574:ERROR:socket_stream.cc(218)] Closing stream with result -2
[21784:21817:0208/210510.300218:ERROR:socket_stream.cc(218)] Closing stream with result -2
[6446:1:0208/210533.202053:ERROR:child_thread_impl.cc(864)] Receiver for unknown Channel-associated interface: chrome.mojom.SearchBouncer
[6452:1:0208/210533.208841:ERROR:child_thread_impl.cc(864)] Receiver for unknown Channel-associated interface: chrome.mojom.SearchBouncer
[6219:1:0208/210533.793729:ERROR:child_process_sandbox_support_impl_linux.cc(81)] FontService unique font name matching request did not receive a response.
[6219:1:0208/210533.794694:ERROR:child_process_sandbox_support_impl_linux.cc(81)] FontService unique font name matching request did not receive a response.
[21784:21817:0208/210555.577677:ERROR:socket_stream.cc(218)] Closing stream with result -2
[21784:21817:0208/210640.854708:ERROR:socket_stream.cc(218)] Closing stream with result -2
[21784:21817:0208/210726.143871:ERROR:socket_stream.cc(218)] Closing stream with result -2
[21784:21817:0208/210811.431306:ERROR:socket_stream.cc(218)] Closing stream with result -2
[21784:21817:0208/210856.714220:ERROR:socket_stream.cc(218)] Closing stream with result -2
[21784:21817:0208/210941.993384:ERROR:socket_stream.cc(218)] Closing stream with result -2
[21784:21817:0208/211027.286584:ERROR:socket_stream.cc(218)] Closing stream with result -2
[21784:21817:0208/211112.565932:ERROR:socket_stream.cc(218)] Closing stream with result -2
[21784:21817:0208/211157.840076:ERROR:socket_stream.cc(218)] Closing stream with result -2
[21784:21817:0208/211243.129522:ERROR:socket_stream.cc(218)] Closing stream with result -2
[21784:21817:0208/211328.419502:ERROR:socket_stream.cc(218)] Closing stream with result -2
[21784:21817:0208/211413.700923:ERROR:socket_stream.cc(218)] Closing stream with result -2
[21784:21817:0208/211458.999737:ERROR:socket_stream.cc(218)] Closing stream with result -2
[21784:21817:0208/211544.272010:ERROR:socket_stream.cc(218)] Closing stream with result -2
[21784:21817:0208/211629.554952:ERROR:socket_stream.cc(218)] Closing stream with result -2
[7863:1:0208/211642.655770:ERROR:child_thread_impl.cc(864)] Receiver for unknown Channel-associated interface: chrome.mojom.SearchBouncer
[21784:21817:0208/211714.827988:ERROR:socket_stream.cc(218)] Closing stream with result -2
[21784:21817:0208/211800.090040:ERROR:socket_stream.cc(218)] Closing stream with result -2
[21784:21817:0208/211845.360029:ERROR:socket_stream.cc(218)] Closing stream with result -2
[21784:21817:0208/211930.630672:ERROR:socket_stream.cc(218)] Closing stream with result -2
[21784:21817:0208/212015.918074:ERROR:socket_stream.cc(218)] Closing stream with result -2
[21784:21817:0208/212101.207744:ERROR:socket_stream.cc(218)] Closing stream with result -2
[21784:21817:0208/212146.480504:ERROR:socket_stream.cc(218)] Closing stream with result -2
[21784:21817:0208/212231.754012:ERROR:socket_stream.cc(218)] Closing stream with result -2
OpenJDK 64-Bit Server VM warning: Option UseConcMarkSweepGC was deprecated in version 9.0 and will likely be removed in a future release.
2020-02-12 17:44:46,783 [   5843]   WARN - com.intellij.util.xmlb.Binding - no accessors for class com.intellij.execution.configuration.EnvironmentVariablesData 
2020-02-12 18:48:42,674 [3841734]  ERROR - terminal.emulator.JediEmulator - Error processing OSC 1;..k/biganto.com 
2020-02-12 18:48:42,738 [3841798]  ERROR - terminal.emulator.JediEmulator - Unhandled Control sequence
parsed                        :ESC[?2004h
bytes read                    :ESC[ 
2020-02-12 18:48:47,872 [3846932]  ERROR - terminal.emulator.JediEmulator - Unhandled Control sequence
parsed                        :ESC[?2004l
bytes read                    :ESC[ 
2020-02-12 18:48:47,873 [3846933]  ERROR - terminal.emulator.JediEmulator - Error processing OSC 1;source 
2020-02-12 18:48:47,891 [3846951]  ERROR - terminal.emulator.JediEmulator - Error processing OSC 1;..k/biganto.com 
2020-02-12 18:48:47,952 [3847012]  ERROR - terminal.emulator.JediEmulator - Unhandled Control sequence
parsed                        :ESC[?2004h
bytes read                    :ESC[ 
2020-02-12 18:49:19,360 [3878420]  ERROR - terminal.emulator.JediEmulator - Unhandled Control sequence
parsed                        :ESC[?2004l
bytes read                    :ESC[ 
2020-02-12 18:49:19,361 [3878421]  ERROR - terminal.emulator.JediEmulator - Error processing OSC 1;history|grep 
2020-02-12 18:49:19,381 [3878441]  ERROR - terminal.emulator.JediEmulator - Error processing OSC 1;..k/biganto.com 
2020-02-12 18:49:19,481 [3878541]  ERROR - terminal.emulator.JediEmulator - Unhandled Control sequence
parsed                        :ESC[?2004h
bytes read                    :ESC[ 
2020-02-12 18:49:27,676 [3886736]  ERROR - terminal.emulator.JediEmulator - Unhandled Control sequence
parsed                        :ESC[?2004l
bytes read                    :ESC[ 
2020-02-12 18:49:27,677 [3886737]  ERROR - terminal.emulator.JediEmulator - Error processing OSC 1;history|grep 
2020-02-12 18:49:27,694 [3886754]  ERROR - terminal.emulator.JediEmulator - Error processing OSC 1;..k/biganto.com 
2020-02-12 18:49:27,797 [3886857]  ERROR - terminal.emulator.JediEmulator - Unhandled Control sequence
parsed                        :ESC[?2004h
bytes read                    :ESC[ 
2020-02-12 18:49:32,594 [3891654]  ERROR - terminal.emulator.JediEmulator - Unhandled Control sequence
parsed                        :ESC[?2004l
bytes read                    :ESC[ 
2020-02-12 18:49:32,595 [3891655]  ERROR - terminal.emulator.JediEmulator - Error processing OSC 1;history|grep 
2020-02-12 18:49:32,648 [3891708]  ERROR - terminal.emulator.JediEmulator - Error processing OSC 1;..k/biganto.com 
2020-02-12 18:49:32,691 [3891751]  ERROR - terminal.emulator.JediEmulator - Unhandled Control sequence
parsed                        :ESC[?2004h
bytes read                    :ESC[ 
2020-02-12 18:50:04,970 [3924030]  ERROR - terminal.emulator.JediEmulator - Unhandled Control sequence
parsed                        :ESC[?2004l
bytes read                    :ESC[ 
2020-02-12 18:50:04,971 [3924031]  ERROR - terminal.emulator.JediEmulator - Error processing OSC 1;..k/biganto.com 
2020-02-12 18:50:05,057 [3924117]  ERROR - terminal.emulator.JediEmulator - Unhandled Control sequence
parsed                        :ESC[?2004h
bytes read                    :ESC[ 
2020-02-12 18:50:05,764 [3924824]  ERROR - terminal.emulator.JediEmulator - Unhandled Control sequence
parsed                        :ESC[?2004l
bytes read                    :ESC[ 
2020-02-12 18:50:05,765 [3924825]  ERROR - terminal.emulator.JediEmulator - Error processing OSC 1;..k/biganto.com 
2020-02-12 18:50:05,868 [3924928]  ERROR - terminal.emulator.JediEmulator - Unhandled Control sequence
parsed                        :ESC[?2004h
bytes read                    :ESC[ 
2020-02-12 18:50:05,932 [3924992]  ERROR - terminal.emulator.JediEmulator - Unhandled Control sequence
parsed                        :ESC[?2004l
bytes read                    :ESC[ 
2020-02-12 18:50:05,932 [3924992]  ERROR - terminal.emulator.JediEmulator - Error processing OSC 1;..k/biganto.com 
2020-02-12 18:50:06,023 [3925083]  ERROR - terminal.emulator.JediEmulator - Unhandled Control sequence
parsed                        :ESC[?2004h
bytes read                    :ESC[ 
2020-02-12 18:50:14,071 [3933131]  ERROR - terminal.emulator.JediEmulator - Unhandled Control sequence
parsed                        :ESC[?2004l
bytes read                    :ESC[ 
2020-02-12 18:50:14,073 [3933133]  ERROR - terminal.emulator.JediEmulator - Error processing OSC 1;..k/biganto.com 
2020-02-12 18:50:14,182 [3933242]  ERROR - terminal.emulator.JediEmulator - Unhandled Control sequence
parsed                        :ESC[?2004h
bytes read                    :ESC[ 
2020-02-12 18:50:41,765 [3960825]  ERROR - terminal.emulator.JediEmulator - Unhandled Control sequence
parsed                        :ESC[?2004l
bytes read                    :ESC[ 
2020-02-12 18:50:41,766 [3960826]  ERROR - terminal.emulator.JediEmulator - Error processing OSC 1;pybabel 
2020-02-12 18:51:05,222 [3984282]  ERROR - terminal.emulator.JediEmulator - Error processing OSC 1;..k/biganto.com 
2020-02-12 18:51:05,266 [3984326]  ERROR - terminal.emulator.JediEmulator - Unhandled Control sequence
parsed                        :ESC[?2004h
bytes read                    :ESC[ 
2020-02-12 18:51:08,439 [3987499]  ERROR - terminal.emulator.JediEmulator - Unhandled Control sequence
parsed                        :ESC[?2004l
bytes read                    :ESC[ 
2020-02-12 18:51:08,440 [3987500]  ERROR - terminal.emulator.JediEmulator - Error processing OSC 1;history|grep 
2020-02-12 18:51:08,476 [3987536]  ERROR - terminal.emulator.JediEmulator - Error processing OSC 1;..k/biganto.com 
2020-02-12 18:51:08,533 [3987593]  ERROR - terminal.emulator.JediEmulator - Unhandled Control sequence
parsed                        :ESC[?2004h
bytes read                    :ESC[ 
2020-02-12 18:51:25,954 [4005014]  ERROR - terminal.emulator.JediEmulator - Unhandled Control sequence
parsed                        :ESC[?2004l
bytes read                    :ESC[ 
2020-02-12 18:51:25,961 [4005021]  ERROR - terminal.emulator.JediEmulator - Error processing OSC 1;pybabel 
2020-02-12 18:51:26,714 [4005774]  ERROR - terminal.emulator.JediEmulator - Error processing OSC 1;..k/biganto.com 
2020-02-12 18:51:26,759 [4005819]  ERROR - terminal.emulator.JediEmulator - Unhandled Control sequence
parsed                        :ESC[?2004h
bytes read                    :ESC[ 
2020-02-12 19:29:23,902 [6282962]  ERROR - terminal.emulator.JediEmulator - Unhandled Control sequence
parsed                        :ESC[?2004l
bytes read                    :ESC[ 
2020-02-12 19:29:23,909 [6282969]  ERROR - terminal.emulator.JediEmulator - Error processing OSC 1;pybabel 
2020-02-12 19:29:44,762 [6303822]  ERROR - terminal.emulator.JediEmulator - Error processing OSC 1;..k/biganto.com 
2020-02-12 19:29:44,809 [6303869]  ERROR - terminal.emulator.JediEmulator - Unhandled Control sequence
parsed                        :ESC[?2004h
bytes read                    :ESC[ 
2020-02-12 19:29:49,300 [6308360]  ERROR - terminal.emulator.JediEmulator - Unhandled Control sequence
parsed                        :ESC[?2004l
bytes read                    :ESC[ 
2020-02-12 19:29:49,300 [6308360]  ERROR - terminal.emulator.JediEmulator - Error processing OSC 1;pybabel 
2020-02-12 19:29:50,074 [6309134]  ERROR - terminal.emulator.JediEmulator - Error processing OSC 1;..k/biganto.com 
2020-02-12 19:29:50,117 [6309177]  ERROR - terminal.emulator.JediEmulator - Unhandled Control sequence
parsed                        :ESC[?2004h
bytes read                    :ESC[ 
2020-02-12 19:38:39,930 [6838990]   WARN - com.intellij.util.xmlb.Binding - no accessors for class com.intellij.execution.configuration.EnvironmentVariablesData 
2020-02-12 19:39:01,077 [6860137]  ERROR - terminal.emulator.JediEmulator - Unhandled Control sequence
parsed                        :ESC[?2004l
bytes read                    :ESC[ 
2020-02-12 19:39:01,078 [6860138]  ERROR - terminal.emulator.JediEmulator - Error processing OSC 1;pybabel 
2020-02-12 19:39:21,677 [6880737]  ERROR - terminal.emulator.JediEmulator - Error processing OSC 1;..k/biganto.com 
2020-02-12 19:39:21,720 [6880780]  ERROR - terminal.emulator.JediEmulator - Unhandled Control sequence
parsed                        :ESC[?2004h
bytes read                    :ESC[ 
2020-02-12 19:39:25,616 [6884676]  ERROR - terminal.emulator.JediEmulator - Unhandled Control sequence
parsed                        :ESC[?2004l
bytes read                    :ESC[ 
2020-02-12 19:39:25,617 [6884677]  ERROR - terminal.emulator.JediEmulator - Error processing OSC 1;pybabel 
2020-02-12 19:39:26,319 [6885379]  ERROR - terminal.emulator.JediEmulator - Error processing OSC 1;..k/biganto.com 
2020-02-12 19:39:26,374 [6885434]  ERROR - terminal.emulator.JediEmulator - Unhandled Control sequence
parsed                        :ESC[?2004h
bytes read                    :ESC[ 
2020-02-12 19:40:44,256 [6963316]  ERROR - terminal.emulator.JediEmulator - Unhandled Control sequence
parsed                        :ESC[?2004l
bytes read                    :ESC[ 
2020-02-12 19:40:44,257 [6963317]  ERROR - terminal.emulator.JediEmulator - Error processing OSC 1;pybabel 
2020-02-12 19:41:04,935 [6983995]  ERROR - terminal.emulator.JediEmulator - Error processing OSC 1;..k/biganto.com 
2020-02-12 19:41:04,978 [6984038]  ERROR - terminal.emulator.JediEmulator - Unhandled Control sequence
parsed                        :ESC[?2004h
bytes read                    :ESC[ 
2020-02-12 19:41:08,571 [6987631]  ERROR - terminal.emulator.JediEmulator - Unhandled Control sequence
parsed                        :ESC[?2004l
bytes read                    :ESC[ 
2020-02-12 19:41:08,572 [6987632]  ERROR - terminal.emulator.JediEmulator - Error processing OSC 1;pybabel 
2020-02-12 19:41:09,264 [6988324]  ERROR - terminal.emulator.JediEmulator - Error processing OSC 1;..k/biganto.com 
2020-02-12 19:41:09,306 [6988366]  ERROR - terminal.emulator.JediEmulator - Unhandled Control sequence
parsed                        :ESC[?2004h
bytes read                    :ESC[ 
2020-02-12 19:42:48,724 [7087784]   WARN - com.intellij.util.xmlb.Binding - no accessors for class com.intellij.execution.configuration.EnvironmentVariablesData 
2020-02-12 19:42:52,336 [7091396]  ERROR - terminal.emulator.JediEmulator - Unhandled Control sequence
parsed                        :ESC[?2004l
bytes read                    :ESC[ 
2020-02-12 19:42:52,336 [7091396]  ERROR - terminal.emulator.JediEmulator - Error processing OSC 1;pybabel 
2020-02-12 19:42:53,056 [7092116]  ERROR - terminal.emulator.JediEmulator - Error processing OSC 1;..k/biganto.com 
2020-02-12 19:42:53,102 [7092162]  ERROR - terminal.emulator.JediEmulator - Unhandled Control sequence
parsed                        :ESC[?2004h
bytes read                    :ESC[ 
2020-02-12 19:42:54,932 [7093992]  ERROR - terminal.emulator.JediEmulator - Unhandled Control sequence
parsed                        :ESC[?2004l
bytes read                    :ESC[ 
2020-02-12 19:42:54,933 [7093993]  ERROR - terminal.emulator.JediEmulator - Error processing OSC 1;pybabel 
2020-02-12 19:43:19,120 [7118180]  ERROR - terminal.emulator.JediEmulator - Error processing OSC 1;..k/biganto.com 
2020-02-12 19:43:19,162 [7118222]  ERROR - terminal.emulator.JediEmulator - Unhandled Control sequence
parsed                        :ESC[?2004h
bytes read                    :ESC[ 
2020-02-12 19:43:22,878 [7121938]  ERROR - terminal.emulator.JediEmulator - Unhandled Control sequence
parsed                        :ESC[?2004l
bytes read                    :ESC[ 
2020-02-12 19:43:22,879 [7121939]  ERROR - terminal.emulator.JediEmulator - Error processing OSC 1;pybabel 
2020-02-12 19:43:23,605 [7122665]  ERROR - terminal.emulator.JediEmulator - Error processing OSC 1;..k/biganto.com 
2020-02-12 19:43:23,648 [7122708]  ERROR - terminal.emulator.JediEmulator - Unhandled Control sequence
parsed                        :ESC[?2004h
bytes read                    :ESC[ 
#
# A fatal error has been detected by the Java Runtime Environment:
#
#  SIGSEGV (0xb) at pc=0x00007ffb904265b4, pid=29261, tid=14356
#
# JRE version: OpenJDK Runtime Environment (11.0.5+10) (build 11.0.5+10-b520.30)
# Java VM: OpenJDK 64-Bit Server VM (11.0.5+10-b520.30, mixed mode, tiered, compressed oops, concurrent mark sweep gc, linux-amd64)
# Problematic frame:
# C  [libjimage.so+0x25b4]  ImageStrings::find(Endian*, char const*, int*, unsigned int)+0x74
#
# Core dump will be written. Default location: Core dumps may be processed with "/usr/lib/systemd/systemd-coredump %P %u %g %s %t %c %h %e" (or dumping to /home/rpg59/dev/web/RPGFgin/core.29261)
#
# An error report file with more information is saved as:
# /home/rpg59/java_error_in_WEBIDE_29261.log
